Analysis & Synthesis report for L5part2
Sat Feb 22 15:45:43 2025
Quartus Prime Version 19.1.0 Build 670 09/22/2019 SJ Lite Edition


---------------------
; Table of Contents ;
---------------------
  1. Legal Notice
  2. Analysis & Synthesis Summary
  3. Analysis & Synthesis Settings
  4. Parallel Compilation
  5. Analysis & Synthesis Source Files Read
  6. Analysis & Synthesis Resource Usage Summary
  7. Analysis & Synthesis Resource Utilization by Entity
  8. Analysis & Synthesis RAM Summary
  9. State Machine - |L5part2|eightBSqrt:eightBSqrt0|state
 10. Registers Removed During Synthesis
 11. General Register Statistics
 12. Registers Packed Into Inferred Megafunctions
 13. Multiplexer Restructuring Statistics (Restructuring Performed)
 14. Source assignments for memBlock:m1|altsyncram:memory1_rtl_0|altsyncram_ul61:auto_generated
 15. Parameter Settings for User Entity Instance: eightBSqrt:eightBSqrt0
 16. Parameter Settings for Inferred Entity Instance: memBlock:m1|altsyncram:memory1_rtl_0
 17. altsyncram Parameter Settings by Entity Instance
 18. Port Connectivity Checks: "eightBSqrt:eightBSqrt0|eightBitSubtractor:s0|FullSubtractor:FSgen[0].u0"
 19. Post-Synthesis Netlist Statistics for Top Partition
 20. Elapsed Time Per Partition
 21. Analysis & Synthesis Messages
 22. Analysis & Synthesis Suppressed Messages



----------------
; Legal Notice ;
----------------
Copyright (C) 2019  Intel Corporation. All rights reserved.
Your use of Intel Corporation's design tools, logic functions 
and other software and tools, and any partner logic 
functions, and any output files from any of the foregoing 
(including device programming or simulation files), and any 
associated documentation or information are expressly subject 
to the terms and conditions of the Intel Program License 
Subscription Agreement, the Intel Quartus Prime License Agreement,
the Intel FPGA IP License Agreement, or other applicable license
agreement, including, without limitation, that your use is for
the sole purpose of programming logic devices manufactured by
Intel and sold by Intel or its authorized distributors.  Please
refer to the applicable agreement for further details, at
https://fpgasoftware.intel.com/eula.



+----------------------------------------------------------------------------------+
; Analysis & Synthesis Summary                                                     ;
+------------------------------------+---------------------------------------------+
; Analysis & Synthesis Status        ; Successful - Sat Feb 22 15:45:43 2025       ;
; Quartus Prime Version              ; 19.1.0 Build 670 09/22/2019 SJ Lite Edition ;
; Revision Name                      ; L5part2                                     ;
; Top-level Entity Name              ; L5part2                                     ;
; Family                             ; MAX 10                                      ;
; Total logic elements               ; 69                                          ;
;     Total combinational functions  ; 69                                          ;
;     Dedicated logic registers      ; 30                                          ;
; Total registers                    ; 30                                          ;
; Total pins                         ; 29                                          ;
; Total virtual pins                 ; 0                                           ;
; Total memory bits                  ; 128                                         ;
; Embedded Multiplier 9-bit elements ; 0                                           ;
; Total PLLs                         ; 0                                           ;
; UFM blocks                         ; 0                                           ;
; ADC blocks                         ; 0                                           ;
+------------------------------------+---------------------------------------------+


+------------------------------------------------------------------------------------------------------------+
; Analysis & Synthesis Settings                                                                              ;
+------------------------------------------------------------------+--------------------+--------------------+
; Option                                                           ; Setting            ; Default Value      ;
+------------------------------------------------------------------+--------------------+--------------------+
; Device                                                           ; 10M50DAF484C6GES   ;                    ;
; Top-level entity name                                            ; L5part2            ; L5part2            ;
; Family name                                                      ; MAX 10             ; Cyclone V          ;
; Use smart compilation                                            ; Off                ; Off                ;
; Enable parallel Assembler and Timing Analyzer during compilation ; On                 ; On                 ;
; Enable compact report table                                      ; Off                ; Off                ;
; Restructure Multiplexers                                         ; Auto               ; Auto               ;
; Create Debugging Nodes for IP Cores                              ; Off                ; Off                ;
; Preserve fewer node names                                        ; On                 ; On                 ;
; Intel FPGA IP Evaluation Mode                                    ; Enable             ; Enable             ;
; Verilog Version                                                  ; Verilog_2001       ; Verilog_2001       ;
; VHDL Version                                                     ; VHDL_1993          ; VHDL_1993          ;
; State Machine Processing                                         ; Auto               ; Auto               ;
; Safe State Machine                                               ; Off                ; Off                ;
; Extract Verilog State Machines                                   ; On                 ; On                 ;
; Extract VHDL State Machines                                      ; On                 ; On                 ;
; Ignore Verilog initial constructs                                ; Off                ; Off                ;
; Iteration limit for constant Verilog loops                       ; 5000               ; 5000               ;
; Iteration limit for non-constant Verilog loops                   ; 250                ; 250                ;
; Add Pass-Through Logic to Inferred RAMs                          ; On                 ; On                 ;
; Infer RAMs from Raw Logic                                        ; On                 ; On                 ;
; Parallel Synthesis                                               ; On                 ; On                 ;
; DSP Block Balancing                                              ; Auto               ; Auto               ;
; NOT Gate Push-Back                                               ; On                 ; On                 ;
; Power-Up Don't Care                                              ; On                 ; On                 ;
; Remove Redundant Logic Cells                                     ; Off                ; Off                ;
; Remove Duplicate Registers                                       ; On                 ; On                 ;
; Ignore CARRY Buffers                                             ; Off                ; Off                ;
; Ignore CASCADE Buffers                                           ; Off                ; Off                ;
; Ignore GLOBAL Buffers                                            ; Off                ; Off                ;
; Ignore ROW GLOBAL Buffers                                        ; Off                ; Off                ;
; Ignore LCELL Buffers                                             ; Off                ; Off                ;
; Ignore SOFT Buffers                                              ; On                 ; On                 ;
; Limit AHDL Integers to 32 Bits                                   ; Off                ; Off                ;
; Optimization Technique                                           ; Balanced           ; Balanced           ;
; Carry Chain Length                                               ; 70                 ; 70                 ;
; Auto Carry Chains                                                ; On                 ; On                 ;
; Auto Open-Drain Pins                                             ; On                 ; On                 ;
; Perform WYSIWYG Primitive Resynthesis                            ; Off                ; Off                ;
; Auto ROM Replacement                                             ; On                 ; On                 ;
; Auto RAM Replacement                                             ; On                 ; On                 ;
; Auto DSP Block Replacement                                       ; On                 ; On                 ;
; Auto Shift Register Replacement                                  ; Auto               ; Auto               ;
; Allow Shift Register Merging across Hierarchies                  ; Auto               ; Auto               ;
; Auto Clock Enable Replacement                                    ; On                 ; On                 ;
; Strict RAM Replacement                                           ; Off                ; Off                ;
; Allow Synchronous Control Signals                                ; On                 ; On                 ;
; Force Use of Synchronous Clear Signals                           ; Off                ; Off                ;
; Auto RAM Block Balancing                                         ; On                 ; On                 ;
; Auto RAM to Logic Cell Conversion                                ; Off                ; Off                ;
; Auto Resource Sharing                                            ; Off                ; Off                ;
; Allow Any RAM Size For Recognition                               ; Off                ; Off                ;
; Allow Any ROM Size For Recognition                               ; Off                ; Off                ;
; Allow Any Shift Register Size For Recognition                    ; Off                ; Off                ;
; Use LogicLock Constraints during Resource Balancing              ; On                 ; On                 ;
; Ignore translate_off and synthesis_off directives                ; Off                ; Off                ;
; Timing-Driven Synthesis                                          ; On                 ; On                 ;
; Report Parameter Settings                                        ; On                 ; On                 ;
; Report Source Assignments                                        ; On                 ; On                 ;
; Report Connectivity Checks                                       ; On                 ; On                 ;
; Ignore Maximum Fan-Out Assignments                               ; Off                ; Off                ;
; Synchronization Register Chain Length                            ; 2                  ; 2                  ;
; Power Optimization During Synthesis                              ; Normal compilation ; Normal compilation ;
; HDL message level                                                ; Level2             ; Level2             ;
; Suppress Register Optimization Related Messages                  ; Off                ; Off                ;
; Number of Removed Registers Reported in Synthesis Report         ; 5000               ; 5000               ;
; Number of Swept Nodes Reported in Synthesis Report               ; 5000               ; 5000               ;
; Number of Inverted Registers Reported in Synthesis Report        ; 100                ; 100                ;
; Clock MUX Protection                                             ; On                 ; On                 ;
; Auto Gated Clock Conversion                                      ; Off                ; Off                ;
; Block Design Naming                                              ; Auto               ; Auto               ;
; SDC constraint protection                                        ; Off                ; Off                ;
; Synthesis Effort                                                 ; Auto               ; Auto               ;
; Shift Register Replacement - Allow Asynchronous Clear Signal     ; On                 ; On                 ;
; Pre-Mapping Resynthesis Optimization                             ; Off                ; Off                ;
; Analysis & Synthesis Message Level                               ; Medium             ; Medium             ;
; Disable Register Merging Across Hierarchies                      ; Auto               ; Auto               ;
; Resource Aware Inference For Block RAM                           ; On                 ; On                 ;
+------------------------------------------------------------------+--------------------+--------------------+


+------------------------------------------+
; Parallel Compilation                     ;
+----------------------------+-------------+
; Processors                 ; Number      ;
+----------------------------+-------------+
; Number detected on machine ; 8           ;
; Maximum allowed            ; 4           ;
;                            ;             ;
; Average used               ; 1.00        ;
; Maximum used               ; 4           ;
;                            ;             ;
; Usage by Processor         ; % Time Used ;
;     Processor 1            ; 100.0%      ;
;     Processors 2-4         ;   0.0%      ;
+----------------------------+-------------+


+--------------------------------------------------------------------------------------------------------------------------------------------------------------------------------+
; Analysis & Synthesis Source Files Read                                                                                                                                         ;
+----------------------------------+-----------------+----------------------------------+------------------------------------------------------------------------------+---------+
; File Name with User-Entered Path ; Used in Netlist ; File Type                        ; File Name with Absolute Path                                                 ; Library ;
+----------------------------------+-----------------+----------------------------------+------------------------------------------------------------------------------+---------+
; 8bSqRtUnit.v                     ; yes             ; User Verilog HDL File            ; C:/EEC 180/Lab5/synthesis/L5_part2/8bSqRtUnit.v                              ;         ;
; FS.v                             ; yes             ; User Verilog HDL File            ; C:/EEC 180/Lab5/synthesis/L5_part2/FS.v                                      ;         ;
; eightBitSubtractor.v             ; yes             ; User Verilog HDL File            ; C:/EEC 180/Lab5/synthesis/L5_part2/eightBitSubtractor.v                      ;         ;
; accumulator.v                    ; yes             ; User Verilog HDL File            ; C:/EEC 180/Lab5/synthesis/L5_part2/accumulator.v                             ;         ;
; MemoryBlock.v                    ; yes             ; User Verilog HDL File            ; C:/EEC 180/Lab5/synthesis/L5_part2/MemoryBlock.v                             ;         ;
; memInFile1.mif                   ; yes             ; User Memory Initialization File  ; C:/EEC 180/Lab5/synthesis/L5_part2/memInFile1.mif                            ;         ;
; L5part2.v                        ; yes             ; User Verilog HDL File            ; C:/EEC 180/Lab5/synthesis/L5_part2/L5part2.v                                 ;         ;
; edge2pulse.v                     ; yes             ; Auto-Found Verilog HDL File      ; C:/EEC 180/Lab5/synthesis/L5_part2/edge2pulse.v                              ;         ;
; bit2hex.v                        ; yes             ; Auto-Found Verilog HDL File      ; C:/EEC 180/Lab5/synthesis/L5_part2/bit2hex.v                                 ;         ;
; altsyncram.tdf                   ; yes             ; Megafunction                     ; c:/intelfpga_lite/19.1/quartus/libraries/megafunctions/altsyncram.tdf        ;         ;
; stratix_ram_block.inc            ; yes             ; Megafunction                     ; c:/intelfpga_lite/19.1/quartus/libraries/megafunctions/stratix_ram_block.inc ;         ;
; lpm_mux.inc                      ; yes             ; Megafunction                     ; c:/intelfpga_lite/19.1/quartus/libraries/megafunctions/lpm_mux.inc           ;         ;
; lpm_decode.inc                   ; yes             ; Megafunction                     ; c:/intelfpga_lite/19.1/quartus/libraries/megafunctions/lpm_decode.inc        ;         ;
; aglobal191.inc                   ; yes             ; Megafunction                     ; c:/intelfpga_lite/19.1/quartus/libraries/megafunctions/aglobal191.inc        ;         ;
; a_rdenreg.inc                    ; yes             ; Megafunction                     ; c:/intelfpga_lite/19.1/quartus/libraries/megafunctions/a_rdenreg.inc         ;         ;
; altrom.inc                       ; yes             ; Megafunction                     ; c:/intelfpga_lite/19.1/quartus/libraries/megafunctions/altrom.inc            ;         ;
; altram.inc                       ; yes             ; Megafunction                     ; c:/intelfpga_lite/19.1/quartus/libraries/megafunctions/altram.inc            ;         ;
; altdpram.inc                     ; yes             ; Megafunction                     ; c:/intelfpga_lite/19.1/quartus/libraries/megafunctions/altdpram.inc          ;         ;
; db/altsyncram_ul61.tdf           ; yes             ; Auto-Generated Megafunction      ; C:/EEC 180/Lab5/synthesis/L5_part2/db/altsyncram_ul61.tdf                    ;         ;
+----------------------------------+-----------------+----------------------------------+------------------------------------------------------------------------------+---------+


+-----------------------------------------------------------+
; Analysis & Synthesis Resource Usage Summary               ;
+---------------------------------------------+-------------+
; Resource                                    ; Usage       ;
+---------------------------------------------+-------------+
; Estimated Total logic elements              ; 69          ;
;                                             ;             ;
; Total combinational functions               ; 69          ;
; Logic element usage by number of LUT inputs ;             ;
;     -- 4 input functions                    ; 34          ;
;     -- 3 input functions                    ; 12          ;
;     -- <=2 input functions                  ; 23          ;
;                                             ;             ;
; Logic elements by mode                      ;             ;
;     -- normal mode                          ; 61          ;
;     -- arithmetic mode                      ; 8           ;
;                                             ;             ;
; Total registers                             ; 30          ;
;     -- Dedicated logic registers            ; 30          ;
;     -- I/O registers                        ; 0           ;
;                                             ;             ;
; I/O pins                                    ; 29          ;
; Total memory bits                           ; 128         ;
;                                             ;             ;
; Embedded Multiplier 9-bit elements          ; 0           ;
;                                             ;             ;
; Maximum fan-out node                        ; SW[0]~input ;
; Maximum fan-out                             ; 30          ;
; Total fan-out                               ; 410         ;
; Average fan-out                             ; 2.48        ;
+---------------------------------------------+-------------+


+-----------------------------------------------------------------------------------------------------------------------------------------------------------------------------------------------------------------------------------------------------------------------------------------------------------------------+
; Analysis & Synthesis Resource Utilization by Entity                                                                                                                                                                                                                                                                   ;
+-------------------------------------------+---------------------+---------------------------+-------------+------------+--------------+---------+-----------+------+--------------+------------+----------------------------------------------------------------------------------+--------------------+--------------+
; Compilation Hierarchy Node                ; Combinational ALUTs ; Dedicated Logic Registers ; Memory Bits ; UFM Blocks ; DSP Elements ; DSP 9x9 ; DSP 18x18 ; Pins ; Virtual Pins ; ADC blocks ; Full Hierarchy Name                                                              ; Entity Name        ; Library Name ;
+-------------------------------------------+---------------------+---------------------------+-------------+------------+--------------+---------+-----------+------+--------------+------------+----------------------------------------------------------------------------------+--------------------+--------------+
; |L5part2                                  ; 69 (1)              ; 30 (1)                    ; 128         ; 0          ; 0            ; 0       ; 0         ; 29   ; 0            ; 0          ; |L5part2                                                                         ; L5part2            ; work         ;
;    |bit2Hex:N30Display|                   ; 7 (7)               ; 0 (0)                     ; 0           ; 0          ; 0            ; 0       ; 0         ; 0    ; 0            ; 0          ; |L5part2|bit2Hex:N30Display                                                      ; bit2Hex            ; work         ;
;    |bit2Hex:N74Display|                   ; 7 (7)               ; 0 (0)                     ; 0           ; 0          ; 0            ; 0       ; 0         ; 0    ; 0            ; 0          ; |L5part2|bit2Hex:N74Display                                                      ; bit2Hex            ; work         ;
;    |bit2Hex:sqrtDisplay|                  ; 7 (7)               ; 0 (0)                     ; 0           ; 0          ; 0            ; 0       ; 0         ; 0    ; 0            ; 0          ; |L5part2|bit2Hex:sqrtDisplay                                                     ; bit2Hex            ; work         ;
;    |edge2pulse:tickerButton|              ; 2 (2)               ; 2 (2)                     ; 0           ; 0          ; 0            ; 0       ; 0         ; 0    ; 0            ; 0          ; |L5part2|edge2pulse:tickerButton                                                 ; edge2pulse         ; work         ;
;    |eightBSqrt:eightBSqrt0|               ; 40 (16)             ; 23 (14)                   ; 0           ; 0          ; 0            ; 0       ; 0         ; 0    ; 0            ; 0          ; |L5part2|eightBSqrt:eightBSqrt0                                                  ; eightBSqrt         ; work         ;
;       |accumulator:a0|                    ; 9 (9)               ; 9 (9)                     ; 0           ; 0          ; 0            ; 0       ; 0         ; 0    ; 0            ; 0          ; |L5part2|eightBSqrt:eightBSqrt0|accumulator:a0                                   ; accumulator        ; work         ;
;       |eightBitSubtractor:s0|             ; 15 (0)              ; 0 (0)                     ; 0           ; 0          ; 0            ; 0       ; 0         ; 0    ; 0            ; 0          ; |L5part2|eightBSqrt:eightBSqrt0|eightBitSubtractor:s0                            ; eightBitSubtractor ; work         ;
;          |FullSubtractor:FSgen[1].u0|     ; 1 (1)               ; 0 (0)                     ; 0           ; 0          ; 0            ; 0       ; 0         ; 0    ; 0            ; 0          ; |L5part2|eightBSqrt:eightBSqrt0|eightBitSubtractor:s0|FullSubtractor:FSgen[1].u0 ; FullSubtractor     ; work         ;
;          |FullSubtractor:FSgen[2].u0|     ; 1 (1)               ; 0 (0)                     ; 0           ; 0          ; 0            ; 0       ; 0         ; 0    ; 0            ; 0          ; |L5part2|eightBSqrt:eightBSqrt0|eightBitSubtractor:s0|FullSubtractor:FSgen[2].u0 ; FullSubtractor     ; work         ;
;          |FullSubtractor:FSgen[3].u0|     ; 4 (4)               ; 0 (0)                     ; 0           ; 0          ; 0            ; 0       ; 0         ; 0    ; 0            ; 0          ; |L5part2|eightBSqrt:eightBSqrt0|eightBitSubtractor:s0|FullSubtractor:FSgen[3].u0 ; FullSubtractor     ; work         ;
;          |FullSubtractor:FSgen[4].u0|     ; 2 (2)               ; 0 (0)                     ; 0           ; 0          ; 0            ; 0       ; 0         ; 0    ; 0            ; 0          ; |L5part2|eightBSqrt:eightBSqrt0|eightBitSubtractor:s0|FullSubtractor:FSgen[4].u0 ; FullSubtractor     ; work         ;
;          |FullSubtractor:FSgen[5].u0|     ; 1 (1)               ; 0 (0)                     ; 0           ; 0          ; 0            ; 0       ; 0         ; 0    ; 0            ; 0          ; |L5part2|eightBSqrt:eightBSqrt0|eightBitSubtractor:s0|FullSubtractor:FSgen[5].u0 ; FullSubtractor     ; work         ;
;          |FullSubtractor:FSgen[6].u0|     ; 4 (4)               ; 0 (0)                     ; 0           ; 0          ; 0            ; 0       ; 0         ; 0    ; 0            ; 0          ; |L5part2|eightBSqrt:eightBSqrt0|eightBitSubtractor:s0|FullSubtractor:FSgen[6].u0 ; FullSubtractor     ; work         ;
;          |FullSubtractor:FSgen[7].u0|     ; 2 (2)               ; 0 (0)                     ; 0           ; 0          ; 0            ; 0       ; 0         ; 0    ; 0            ; 0          ; |L5part2|eightBSqrt:eightBSqrt0|eightBitSubtractor:s0|FullSubtractor:FSgen[7].u0 ; FullSubtractor     ; work         ;
;    |memBlock:m1|                          ; 5 (5)               ; 4 (4)                     ; 128         ; 0          ; 0            ; 0       ; 0         ; 0    ; 0            ; 0          ; |L5part2|memBlock:m1                                                             ; memBlock           ; work         ;
;       |altsyncram:memory1_rtl_0|          ; 0 (0)               ; 0 (0)                     ; 128         ; 0          ; 0            ; 0       ; 0         ; 0    ; 0            ; 0          ; |L5part2|memBlock:m1|altsyncram:memory1_rtl_0                                    ; altsyncram         ; work         ;
;          |altsyncram_ul61:auto_generated| ; 0 (0)               ; 0 (0)                     ; 128         ; 0          ; 0            ; 0       ; 0         ; 0    ; 0            ; 0          ; |L5part2|memBlock:m1|altsyncram:memory1_rtl_0|altsyncram_ul61:auto_generated     ; altsyncram_ul61    ; work         ;
+-------------------------------------------+---------------------+---------------------------+-------------+------------+--------------+---------+-----------+------+--------------+------------+----------------------------------------------------------------------------------+--------------------+--------------+
Note: For table entries with two numbers listed, the numbers in parentheses indicate the number of resources of the given type used by the specific entity alone. The numbers listed outside of parentheses indicate the total resources of the given type used by the specific entity and all of its sub-entities in the hierarchy.


+----------------------------------------------------------------------------------------------------------------------------------------------------------------------------------+
; Analysis & Synthesis RAM Summary                                                                                                                                                 ;
+--------------------------------------------------------------------------------+------+------+--------------+--------------+--------------+--------------+------+----------------+
; Name                                                                           ; Type ; Mode ; Port A Depth ; Port A Width ; Port B Depth ; Port B Width ; Size ; MIF            ;
+--------------------------------------------------------------------------------+------+------+--------------+--------------+--------------+--------------+------+----------------+
; memBlock:m1|altsyncram:memory1_rtl_0|altsyncram_ul61:auto_generated|ALTSYNCRAM ; M9K  ; ROM  ; 16           ; 8            ; --           ; --           ; 128  ; memInFile1.mif ;
+--------------------------------------------------------------------------------+------+------+--------------+--------------+--------------+--------------+------+----------------+


Encoding Type:  One-Hot
+------------------------------------------------------------------------+
; State Machine - |L5part2|eightBSqrt:eightBSqrt0|state                  ;
+----------------+------------+----------------+------------+------------+
; Name           ; state.DONE ; state.SUBTRACT ; state.LOAD ; state.IDLE ;
+----------------+------------+----------------+------------+------------+
; state.IDLE     ; 0          ; 0              ; 0          ; 0          ;
; state.LOAD     ; 0          ; 0              ; 1          ; 1          ;
; state.SUBTRACT ; 0          ; 1              ; 0          ; 1          ;
; state.DONE     ; 1          ; 0              ; 0          ; 1          ;
+----------------+------------+----------------+------------+------------+


+--------------------------------------------------------------------------------------------------------+
; Registers Removed During Synthesis                                                                     ;
+--------------------------------------------+-----------------------------------------------------------+
; Register name                              ; Reason for Removal                                        ;
+--------------------------------------------+-----------------------------------------------------------+
; eightBSqrt:eightBSqrt0|accumulator:a0|B[1] ; Merged with eightBSqrt:eightBSqrt0|accumulator:a0|sqrt[0] ;
; eightBSqrt:eightBSqrt0|state~8             ; Lost fanout                                               ;
; eightBSqrt:eightBSqrt0|state~9             ; Lost fanout                                               ;
; eightBSqrt:eightBSqrt0|accumulator:a0|B[2] ; Merged with eightBSqrt:eightBSqrt0|accumulator:a0|sqrt[1] ;
; Total Number of Removed Registers = 4      ;                                                           ;
+--------------------------------------------+-----------------------------------------------------------+


+------------------------------------------------------+
; General Register Statistics                          ;
+----------------------------------------------+-------+
; Statistic                                    ; Value ;
+----------------------------------------------+-------+
; Total registers                              ; 30    ;
; Number of registers using Synchronous Clear  ; 4     ;
; Number of registers using Synchronous Load   ; 0     ;
; Number of registers using Asynchronous Clear ; 25    ;
; Number of registers using Asynchronous Load  ; 0     ;
; Number of registers using Clock Enable       ; 8     ;
; Number of registers using Preset             ; 0     ;
+----------------------------------------------+-------+


+--------------------------------------------------------+
; Registers Packed Into Inferred Megafunctions           ;
+---------------------+---------------------------+------+
; Register Name       ; Megafunction              ; Type ;
+---------------------+---------------------------+------+
; memBlock:m1|N[0..7] ; memBlock:m1|memory1_rtl_0 ; RAM  ;
+---------------------+---------------------------+------+


+----------------------------------------------------------------------------------------------------------------------------------------------------------+
; Multiplexer Restructuring Statistics (Restructuring Performed)                                                                                           ;
+--------------------+-----------+---------------+----------------------+------------------------+------------+--------------------------------------------+
; Multiplexer Inputs ; Bus Width ; Baseline Area ; Area if Restructured ; Saving if Restructured ; Registered ; Example Multiplexer Output                 ;
+--------------------+-----------+---------------+----------------------+------------------------+------------+--------------------------------------------+
; 3:1                ; 8 bits    ; 16 LEs        ; 8 LEs                ; 8 LEs                  ; Yes        ; |L5part2|eightBSqrt:eightBSqrt0|loadedN[0] ;
+--------------------+-----------+---------------+----------------------+------------------------+------------+--------------------------------------------+


+--------------------------------------------------------------------------------------------+
; Source assignments for memBlock:m1|altsyncram:memory1_rtl_0|altsyncram_ul61:auto_generated ;
+---------------------------------+--------------------+------+------------------------------+
; Assignment                      ; Value              ; From ; To                           ;
+---------------------------------+--------------------+------+------------------------------+
; OPTIMIZE_POWER_DURING_SYNTHESIS ; NORMAL_COMPILATION ; -    ; -                            ;
+---------------------------------+--------------------+------+------------------------------+


+---------------------------------------------------------------------+
; Parameter Settings for User Entity Instance: eightBSqrt:eightBSqrt0 ;
+----------------+-------+--------------------------------------------+
; Parameter Name ; Value ; Type                                       ;
+----------------+-------+--------------------------------------------+
; IDLE           ; 00    ; Unsigned Binary                            ;
; LOAD           ; 01    ; Unsigned Binary                            ;
; SUBTRACT       ; 10    ; Unsigned Binary                            ;
; DONE           ; 11    ; Unsigned Binary                            ;
+----------------+-------+--------------------------------------------+
Note: In order to hide this table in the UI and the text report file, please set the "Show Parameter Settings in Synthesis Report" option in "Analysis and Synthesis Settings -> More Settings" to "Off".


+---------------------------------------------------------------------------------------+
; Parameter Settings for Inferred Entity Instance: memBlock:m1|altsyncram:memory1_rtl_0 ;
+------------------------------------+----------------------+---------------------------+
; Parameter Name                     ; Value                ; Type                      ;
+------------------------------------+----------------------+---------------------------+
; BYTE_SIZE_BLOCK                    ; 8                    ; Untyped                   ;
; AUTO_CARRY_CHAINS                  ; ON                   ; AUTO_CARRY                ;
; IGNORE_CARRY_BUFFERS               ; OFF                  ; IGNORE_CARRY              ;
; AUTO_CASCADE_CHAINS                ; ON                   ; AUTO_CASCADE              ;
; IGNORE_CASCADE_BUFFERS             ; OFF                  ; IGNORE_CASCADE            ;
; WIDTH_BYTEENA                      ; 1                    ; Untyped                   ;
; OPERATION_MODE                     ; ROM                  ; Untyped                   ;
; WIDTH_A                            ; 8                    ; Untyped                   ;
; WIDTHAD_A                          ; 4                    ; Untyped                   ;
; NUMWORDS_A                         ; 16                   ; Untyped                   ;
; OUTDATA_REG_A                      ; UNREGISTERED         ; Untyped                   ;
; ADDRESS_ACLR_A                     ; NONE                 ; Untyped                   ;
; OUTDATA_ACLR_A                     ; NONE                 ; Untyped                   ;
; WRCONTROL_ACLR_A                   ; NONE                 ; Untyped                   ;
; INDATA_ACLR_A                      ; NONE                 ; Untyped                   ;
; BYTEENA_ACLR_A                     ; NONE                 ; Untyped                   ;
; WIDTH_B                            ; 1                    ; Untyped                   ;
; WIDTHAD_B                          ; 1                    ; Untyped                   ;
; NUMWORDS_B                         ; 1                    ; Untyped                   ;
; INDATA_REG_B                       ; CLOCK1               ; Untyped                   ;
; WRCONTROL_WRADDRESS_REG_B          ; CLOCK1               ; Untyped                   ;
; RDCONTROL_REG_B                    ; CLOCK1               ; Untyped                   ;
; ADDRESS_REG_B                      ; CLOCK1               ; Untyped                   ;
; OUTDATA_REG_B                      ; UNREGISTERED         ; Untyped                   ;
; BYTEENA_REG_B                      ; CLOCK1               ; Untyped                   ;
; INDATA_ACLR_B                      ; NONE                 ; Untyped                   ;
; WRCONTROL_ACLR_B                   ; NONE                 ; Untyped                   ;
; ADDRESS_ACLR_B                     ; NONE                 ; Untyped                   ;
; OUTDATA_ACLR_B                     ; NONE                 ; Untyped                   ;
; RDCONTROL_ACLR_B                   ; NONE                 ; Untyped                   ;
; BYTEENA_ACLR_B                     ; NONE                 ; Untyped                   ;
; WIDTH_BYTEENA_A                    ; 1                    ; Untyped                   ;
; WIDTH_BYTEENA_B                    ; 1                    ; Untyped                   ;
; RAM_BLOCK_TYPE                     ; M9K                  ; Untyped                   ;
; BYTE_SIZE                          ; 8                    ; Untyped                   ;
; READ_DURING_WRITE_MODE_MIXED_PORTS ; DONT_CARE            ; Untyped                   ;
; READ_DURING_WRITE_MODE_PORT_A      ; NEW_DATA_NO_NBE_READ ; Untyped                   ;
; READ_DURING_WRITE_MODE_PORT_B      ; NEW_DATA_NO_NBE_READ ; Untyped                   ;
; INIT_FILE                          ; memInFile1.mif       ; Untyped                   ;
; INIT_FILE_LAYOUT                   ; PORT_A               ; Untyped                   ;
; MAXIMUM_DEPTH                      ; 0                    ; Untyped                   ;
; CLOCK_ENABLE_INPUT_A               ; NORMAL               ; Untyped                   ;
; CLOCK_ENABLE_INPUT_B               ; NORMAL               ; Untyped                   ;
; CLOCK_ENABLE_OUTPUT_A              ; NORMAL               ; Untyped                   ;
; CLOCK_ENABLE_OUTPUT_B              ; NORMAL               ; Untyped                   ;
; CLOCK_ENABLE_CORE_A                ; USE_INPUT_CLKEN      ; Untyped                   ;
; CLOCK_ENABLE_CORE_B                ; USE_INPUT_CLKEN      ; Untyped                   ;
; ENABLE_ECC                         ; FALSE                ; Untyped                   ;
; ECC_PIPELINE_STAGE_ENABLED         ; FALSE                ; Untyped                   ;
; WIDTH_ECCSTATUS                    ; 3                    ; Untyped                   ;
; DEVICE_FAMILY                      ; MAX 10               ; Untyped                   ;
; CBXI_PARAMETER                     ; altsyncram_ul61      ; Untyped                   ;
+------------------------------------+----------------------+---------------------------+
Note: In order to hide this table in the UI and the text report file, please set the "Show Parameter Settings in Synthesis Report" option in "Analysis and Synthesis Settings -> More Settings" to "Off".


+----------------------------------------------------------------------------------+
; altsyncram Parameter Settings by Entity Instance                                 ;
+-------------------------------------------+--------------------------------------+
; Name                                      ; Value                                ;
+-------------------------------------------+--------------------------------------+
; Number of entity instances                ; 1                                    ;
; Entity Instance                           ; memBlock:m1|altsyncram:memory1_rtl_0 ;
;     -- OPERATION_MODE                     ; ROM                                  ;
;     -- WIDTH_A                            ; 8                                    ;
;     -- NUMWORDS_A                         ; 16                                   ;
;     -- OUTDATA_REG_A                      ; UNREGISTERED                         ;
;     -- WIDTH_B                            ; 1                                    ;
;     -- NUMWORDS_B                         ; 1                                    ;
;     -- ADDRESS_REG_B                      ; CLOCK1                               ;
;     -- OUTDATA_REG_B                      ; UNREGISTERED                         ;
;     -- RAM_BLOCK_TYPE                     ; M9K                                  ;
;     -- READ_DURING_WRITE_MODE_MIXED_PORTS ; DONT_CARE                            ;
+-------------------------------------------+--------------------------------------+


+-----------------------------------------------------------------------------------------------------+
; Port Connectivity Checks: "eightBSqrt:eightBSqrt0|eightBitSubtractor:s0|FullSubtractor:FSgen[0].u0" ;
+------+-------+----------+---------------------------------------------------------------------------+
; Port ; Type  ; Severity ; Details                                                                   ;
+------+-------+----------+---------------------------------------------------------------------------+
; bI   ; Input ; Info     ; Stuck at GND                                                              ;
+------+-------+----------+---------------------------------------------------------------------------+


+-----------------------------------------------------+
; Post-Synthesis Netlist Statistics for Top Partition ;
+-----------------------+-----------------------------+
; Type                  ; Count                       ;
+-----------------------+-----------------------------+
; boundary_port         ; 29                          ;
; cycloneiii_ff         ; 30                          ;
;     CLR               ; 17                          ;
;     ENA CLR           ; 8                           ;
;     SCLR              ; 4                           ;
;     plain             ; 1                           ;
; cycloneiii_lcell_comb ; 70                          ;
;     arith             ; 8                           ;
;         2 data inputs ; 6                           ;
;         3 data inputs ; 2                           ;
;     normal            ; 62                          ;
;         0 data inputs ; 1                           ;
;         1 data inputs ; 4                           ;
;         2 data inputs ; 13                          ;
;         3 data inputs ; 10                          ;
;         4 data inputs ; 34                          ;
; cycloneiii_ram_block  ; 8                           ;
;                       ;                             ;
; Max LUT depth         ; 6.00                        ;
; Average LUT depth     ; 2.17                        ;
+-----------------------+-----------------------------+


+-------------------------------+
; Elapsed Time Per Partition    ;
+----------------+--------------+
; Partition Name ; Elapsed Time ;
+----------------+--------------+
; Top            ; 00:00:00     ;
+----------------+--------------+


+-------------------------------+
; Analysis & Synthesis Messages ;
+-------------------------------+
Info: *******************************************************************
Info: Running Quartus Prime Analysis & Synthesis
    Info: Version 19.1.0 Build 670 09/22/2019 SJ Lite Edition
    Info: Processing started: Sat Feb 22 15:45:33 2025
Info: Command: quartus_map --read_settings_files=on --write_settings_files=off L5part2 -c L5part2
Warning (18236): Number of processors has not been specified which may cause overloading on shared machines.  Set the global assignment NUM_PARALLEL_PROCESSORS in your QSF to an appropriate value for best performance.
Info (20030): Parallel compilation is enabled and will use 4 of the 4 processors detected
Info (12021): Found 1 design units, including 1 entities, in source file 8bsqrtunit.v
    Info (12023): Found entity 1: eightBSqrt File: C:/EEC 180/Lab5/synthesis/L5_part2/8bSqRtUnit.v Line: 1
Info (12021): Found 1 design units, including 1 entities, in source file fs.v
    Info (12023): Found entity 1: FullSubtractor File: C:/EEC 180/Lab5/synthesis/L5_part2/FS.v Line: 1
Info (12021): Found 1 design units, including 1 entities, in source file eightbitsubtractor.v
    Info (12023): Found entity 1: eightBitSubtractor File: C:/EEC 180/Lab5/synthesis/L5_part2/eightBitSubtractor.v Line: 1
Info (12021): Found 1 design units, including 1 entities, in source file accumulator.v
    Info (12023): Found entity 1: accumulator File: C:/EEC 180/Lab5/synthesis/L5_part2/accumulator.v Line: 1
Info (12021): Found 1 design units, including 1 entities, in source file memoryblock.v
    Info (12023): Found entity 1: memBlock File: C:/EEC 180/Lab5/synthesis/L5_part2/MemoryBlock.v Line: 1
Warning (12019): Can't analyze file -- file buttonEdgeDet.v is missing
Info (12021): Found 1 design units, including 1 entities, in source file l5part2.v
    Info (12023): Found entity 1: L5part2 File: C:/EEC 180/Lab5/synthesis/L5_part2/L5part2.v Line: 1
Info (12127): Elaborating entity "L5part2" for the top level hierarchy
Warning (12125): Using design file edge2pulse.v, which is not specified as a design file for the current project, but contains definitions for 1 design units and 1 entities in project
    Info (12023): Found entity 1: edge2pulse File: C:/EEC 180/Lab5/synthesis/L5_part2/edge2pulse.v Line: 1
Info (12128): Elaborating entity "edge2pulse" for hierarchy "edge2pulse:tickerButton" File: C:/EEC 180/Lab5/synthesis/L5_part2/L5part2.v Line: 28
Info (12128): Elaborating entity "memBlock" for hierarchy "memBlock:m1" File: C:/EEC 180/Lab5/synthesis/L5_part2/L5part2.v Line: 35
Warning (10858): Verilog HDL warning at MemoryBlock.v(8): object memory1 used but never assigned File: C:/EEC 180/Lab5/synthesis/L5_part2/MemoryBlock.v Line: 8
Info (12128): Elaborating entity "eightBSqrt" for hierarchy "eightBSqrt:eightBSqrt0" File: C:/EEC 180/Lab5/synthesis/L5_part2/L5part2.v Line: 44
Info (12128): Elaborating entity "eightBitSubtractor" for hierarchy "eightBSqrt:eightBSqrt0|eightBitSubtractor:s0" File: C:/EEC 180/Lab5/synthesis/L5_part2/8bSqRtUnit.v Line: 23
Info (12128): Elaborating entity "FullSubtractor" for hierarchy "eightBSqrt:eightBSqrt0|eightBitSubtractor:s0|FullSubtractor:FSgen[0].u0" File: C:/EEC 180/Lab5/synthesis/L5_part2/eightBitSubtractor.v Line: 19
Info (12128): Elaborating entity "accumulator" for hierarchy "eightBSqrt:eightBSqrt0|accumulator:a0" File: C:/EEC 180/Lab5/synthesis/L5_part2/8bSqRtUnit.v Line: 31
Warning (10230): Verilog HDL assignment warning at accumulator.v(15): truncated value with size 8 to match size of target (4) File: C:/EEC 180/Lab5/synthesis/L5_part2/accumulator.v Line: 15
Warning (10240): Verilog HDL Always Construct warning at accumulator.v(9): inferring latch(es) for variable "B", which holds its previous value in one or more paths through the always construct File: C:/EEC 180/Lab5/synthesis/L5_part2/accumulator.v Line: 9
Info (10041): Inferred latch for "B[0]" at accumulator.v(9) File: C:/EEC 180/Lab5/synthesis/L5_part2/accumulator.v Line: 9
Warning (12125): Using design file bit2hex.v, which is not specified as a design file for the current project, but contains definitions for 1 design units and 1 entities in project
    Info (12023): Found entity 1: bit2Hex File: C:/EEC 180/Lab5/synthesis/L5_part2/bit2hex.v Line: 1
Info (12128): Elaborating entity "bit2Hex" for hierarchy "bit2Hex:N74Display" File: C:/EEC 180/Lab5/synthesis/L5_part2/L5part2.v Line: 54
Info (19000): Inferred 1 megafunctions from design logic
    Info (276029): Inferred altsyncram megafunction from the following design logic: "memBlock:m1|memory1_rtl_0" 
        Info (286033): Parameter OPERATION_MODE set to ROM
        Info (286033): Parameter WIDTH_A set to 8
        Info (286033): Parameter WIDTHAD_A set to 4
        Info (286033): Parameter NUMWORDS_A set to 16
        Info (286033): Parameter OUTDATA_REG_A set to UNREGISTERED
        Info (286033): Parameter ADDRESS_ACLR_A set to NONE
        Info (286033): Parameter OUTDATA_ACLR_A set to NONE
        Info (286033): Parameter INDATA_ACLR_A set to NONE
        Info (286033): Parameter WRCONTROL_ACLR_A set to NONE
        Info (286033): Parameter RAM_BLOCK_TYPE set to M9K
        Info (286033): Parameter INIT_FILE set to memInFile1.mif
Info (12130): Elaborated megafunction instantiation "memBlock:m1|altsyncram:memory1_rtl_0"
Info (12133): Instantiated megafunction "memBlock:m1|altsyncram:memory1_rtl_0" with the following parameter:
    Info (12134): Parameter "OPERATION_MODE" = "ROM"
    Info (12134): Parameter "WIDTH_A" = "8"
    Info (12134): Parameter "WIDTHAD_A" = "4"
    Info (12134): Parameter "NUMWORDS_A" = "16"
    Info (12134): Parameter "OUTDATA_REG_A" = "UNREGISTERED"
    Info (12134): Parameter "ADDRESS_ACLR_A" = "NONE"
    Info (12134): Parameter "OUTDATA_ACLR_A" = "NONE"
    Info (12134): Parameter "INDATA_ACLR_A" = "NONE"
    Info (12134): Parameter "WRCONTROL_ACLR_A" = "NONE"
    Info (12134): Parameter "RAM_BLOCK_TYPE" = "M9K"
    Info (12134): Parameter "INIT_FILE" = "memInFile1.mif"
Info (12021): Found 1 design units, including 1 entities, in source file db/altsyncram_ul61.tdf
    Info (12023): Found entity 1: altsyncram_ul61 File: C:/EEC 180/Lab5/synthesis/L5_part2/db/altsyncram_ul61.tdf Line: 28
Warning (13024): Output pins are stuck at VCC or GND
    Warning (13410): Pin "HEX0[7]" is stuck at VCC File: C:/EEC 180/Lab5/synthesis/L5_part2/L5part2.v Line: 3
    Warning (13410): Pin "HEX2[7]" is stuck at VCC File: C:/EEC 180/Lab5/synthesis/L5_part2/L5part2.v Line: 4
    Warning (13410): Pin "HEX3[7]" is stuck at VCC File: C:/EEC 180/Lab5/synthesis/L5_part2/L5part2.v Line: 5
Info (286030): Timing-Driven Synthesis is running
Info (17049): 2 registers lost all their fanouts during netlist optimizations.
Info (144001): Generated suppressed messages file C:/EEC 180/Lab5/synthesis/L5_part2/L5part2.map.smsg
Info (16010): Generating hard_block partition "hard_block:auto_generated_inst"
    Info (16011): Adding 0 node(s), including 0 DDIO, 0 PLL, 0 transceiver and 0 LCELL
Info (21057): Implemented 106 device resources after synthesis - the final resource count might be different
    Info (21058): Implemented 4 input pins
    Info (21059): Implemented 25 output pins
    Info (21061): Implemented 69 logic cells
    Info (21064): Implemented 8 RAM segments
Info: Quartus Prime Analysis & Synthesis was successful. 0 errors, 11 warnings
    Info: Peak virtual memory: 4768 megabytes
    Info: Processing ended: Sat Feb 22 15:45:43 2025
    Info: Elapsed time: 00:00:10
    Info: Total CPU time (on all processors): 00:00:23


+------------------------------------------+
; Analysis & Synthesis Suppressed Messages ;
+------------------------------------------+
The suppressed messages can be found in C:/EEC 180/Lab5/synthesis/L5_part2/L5part2.map.smsg.


