Analysis & Synthesis report for part2
Wed Jan 22 00:05:07 2025
Quartus Prime Version 19.1.0 Build 670 09/22/2019 SJ Lite Edition


---------------------
; Table of Contents ;
---------------------
  1. Legal Notice
  2. Analysis & Synthesis Summary
  3. Analysis & Synthesis Settings
  4. Parallel Compilation
  5. Analysis & Synthesis Source Files Read
  6. Analysis & Synthesis Resource Usage Summary
  7. Analysis & Synthesis Resource Utilization by Entity
  8. General Register Statistics
  9. Multiplexer Restructuring Statistics (Restructuring Performed)
 10. Port Connectivity Checks: "bit2Hex:p1"
 11. Port Connectivity Checks: "bit2Hex:p0"
 12. Port Connectivity Checks: "bit2Hex:a"
 13. Port Connectivity Checks: "bit2Hex:b"
 14. Port Connectivity Checks: "bitmulti:multiplier|FullAdder:FA6"
 15. Port Connectivity Checks: "bitmulti:multiplier|FullAdder:FA5"
 16. Port Connectivity Checks: "bitmulti:multiplier|FullAdder:FA2"
 17. Port Connectivity Checks: "bitmulti:multiplier|FullAdder:FA0"
 18. Post-Synthesis Netlist Statistics for Top Partition
 19. Elapsed Time Per Partition
 20. Analysis & Synthesis Messages



----------------
; Legal Notice ;
----------------
Copyright (C) 2019  Intel Corporation. All rights reserved.
Your use of Intel Corporation's design tools, logic functions 
and other software and tools, and any partner logic 
functions, and any output files from any of the foregoing 
(including device programming or simulation files), and any 
associated documentation or information are expressly subject 
to the terms and conditions of the Intel Program License 
Subscription Agreement, the Intel Quartus Prime License Agreement,
the Intel FPGA IP License Agreement, or other applicable license
agreement, including, without limitation, that your use is for
the sole purpose of programming logic devices manufactured by
Intel and sold by Intel or its authorized distributors.  Please
refer to the applicable agreement for further details, at
https://fpgasoftware.intel.com/eula.



+----------------------------------------------------------------------------------+
; Analysis & Synthesis Summary                                                     ;
+------------------------------------+---------------------------------------------+
; Analysis & Synthesis Status        ; Successful - Wed Jan 22 00:05:07 2025       ;
; Quartus Prime Version              ; 19.1.0 Build 670 09/22/2019 SJ Lite Edition ;
; Revision Name                      ; part2                                       ;
; Top-level Entity Name              ; part2                                       ;
; Family                             ; MAX 10                                      ;
; Total logic elements               ; 55                                          ;
;     Total combinational functions  ; 55                                          ;
;     Dedicated logic registers      ; 0                                           ;
; Total registers                    ; 0                                           ;
; Total pins                         ; 36                                          ;
; Total virtual pins                 ; 0                                           ;
; Total memory bits                  ; 0                                           ;
; Embedded Multiplier 9-bit elements ; 0                                           ;
; Total PLLs                         ; 0                                           ;
; UFM blocks                         ; 0                                           ;
; ADC blocks                         ; 0                                           ;
+------------------------------------+---------------------------------------------+


+------------------------------------------------------------------------------------------------------------+
; Analysis & Synthesis Settings                                                                              ;
+------------------------------------------------------------------+--------------------+--------------------+
; Option                                                           ; Setting            ; Default Value      ;
+------------------------------------------------------------------+--------------------+--------------------+
; Device                                                           ; 10M50DAF484C7G     ;                    ;
; Top-level entity name                                            ; part2              ; part2              ;
; Family name                                                      ; MAX 10 FPGA        ; Cyclone V          ;
; Use smart compilation                                            ; Off                ; Off                ;
; Enable parallel Assembler and Timing Analyzer during compilation ; On                 ; On                 ;
; Enable compact report table                                      ; Off                ; Off                ;
; Restructure Multiplexers                                         ; Auto               ; Auto               ;
; Create Debugging Nodes for IP Cores                              ; Off                ; Off                ;
; Preserve fewer node names                                        ; On                 ; On                 ;
; Intel FPGA IP Evaluation Mode                                    ; Enable             ; Enable             ;
; Verilog Version                                                  ; Verilog_2001       ; Verilog_2001       ;
; VHDL Version                                                     ; VHDL_1993          ; VHDL_1993          ;
; State Machine Processing                                         ; Auto               ; Auto               ;
; Safe State Machine                                               ; Off                ; Off                ;
; Extract Verilog State Machines                                   ; On                 ; On                 ;
; Extract VHDL State Machines                                      ; On                 ; On                 ;
; Ignore Verilog initial constructs                                ; Off                ; Off                ;
; Iteration limit for constant Verilog loops                       ; 5000               ; 5000               ;
; Iteration limit for non-constant Verilog loops                   ; 250                ; 250                ;
; Add Pass-Through Logic to Inferred RAMs                          ; On                 ; On                 ;
; Infer RAMs from Raw Logic                                        ; On                 ; On                 ;
; Parallel Synthesis                                               ; On                 ; On                 ;
; DSP Block Balancing                                              ; Auto               ; Auto               ;
; NOT Gate Push-Back                                               ; On                 ; On                 ;
; Power-Up Don't Care                                              ; On                 ; On                 ;
; Remove Redundant Logic Cells                                     ; Off                ; Off                ;
; Remove Duplicate Registers                                       ; On                 ; On                 ;
; Ignore CARRY Buffers                                             ; Off                ; Off                ;
; Ignore CASCADE Buffers                                           ; Off                ; Off                ;
; Ignore GLOBAL Buffers                                            ; Off                ; Off                ;
; Ignore ROW GLOBAL Buffers                                        ; Off                ; Off                ;
; Ignore LCELL Buffers                                             ; Off                ; Off                ;
; Ignore SOFT Buffers                                              ; On                 ; On                 ;
; Limit AHDL Integers to 32 Bits                                   ; Off                ; Off                ;
; Optimization Technique                                           ; Balanced           ; Balanced           ;
; Carry Chain Length                                               ; 70                 ; 70                 ;
; Auto Carry Chains                                                ; On                 ; On                 ;
; Auto Open-Drain Pins                                             ; On                 ; On                 ;
; Perform WYSIWYG Primitive Resynthesis                            ; Off                ; Off                ;
; Auto ROM Replacement                                             ; On                 ; On                 ;
; Auto RAM Replacement                                             ; On                 ; On                 ;
; Auto DSP Block Replacement                                       ; On                 ; On                 ;
; Auto Shift Register Replacement                                  ; Auto               ; Auto               ;
; Allow Shift Register Merging across Hierarchies                  ; Auto               ; Auto               ;
; Auto Clock Enable Replacement                                    ; On                 ; On                 ;
; Strict RAM Replacement                                           ; Off                ; Off                ;
; Allow Synchronous Control Signals                                ; On                 ; On                 ;
; Force Use of Synchronous Clear Signals                           ; Off                ; Off                ;
; Auto RAM Block Balancing                                         ; On                 ; On                 ;
; Auto RAM to Logic Cell Conversion                                ; Off                ; Off                ;
; Auto Resource Sharing                                            ; Off                ; Off                ;
; Allow Any RAM Size For Recognition                               ; Off                ; Off                ;
; Allow Any ROM Size For Recognition                               ; Off                ; Off                ;
; Allow Any Shift Register Size For Recognition                    ; Off                ; Off                ;
; Use LogicLock Constraints during Resource Balancing              ; On                 ; On                 ;
; Ignore translate_off and synthesis_off directives                ; Off                ; Off                ;
; Timing-Driven Synthesis                                          ; On                 ; On                 ;
; Report Parameter Settings                                        ; On                 ; On                 ;
; Report Source Assignments                                        ; On                 ; On                 ;
; Report Connectivity Checks                                       ; On                 ; On                 ;
; Ignore Maximum Fan-Out Assignments                               ; Off                ; Off                ;
; Synchronization Register Chain Length                            ; 2                  ; 2                  ;
; Power Optimization During Synthesis                              ; Normal compilation ; Normal compilation ;
; HDL message level                                                ; Level2             ; Level2             ;
; Suppress Register Optimization Related Messages                  ; Off                ; Off                ;
; Number of Removed Registers Reported in Synthesis Report         ; 5000               ; 5000               ;
; Number of Swept Nodes Reported in Synthesis Report               ; 5000               ; 5000               ;
; Number of Inverted Registers Reported in Synthesis Report        ; 100                ; 100                ;
; Clock MUX Protection                                             ; On                 ; On                 ;
; Auto Gated Clock Conversion                                      ; Off                ; Off                ;
; Block Design Naming                                              ; Auto               ; Auto               ;
; SDC constraint protection                                        ; Off                ; Off                ;
; Synthesis Effort                                                 ; Auto               ; Auto               ;
; Shift Register Replacement - Allow Asynchronous Clear Signal     ; On                 ; On                 ;
; Pre-Mapping Resynthesis Optimization                             ; Off                ; Off                ;
; Analysis & Synthesis Message Level                               ; Medium             ; Medium             ;
; Disable Register Merging Across Hierarchies                      ; Auto               ; Auto               ;
; Resource Aware Inference For Block RAM                           ; On                 ; On                 ;
+------------------------------------------------------------------+--------------------+--------------------+


+------------------------------------------+
; Parallel Compilation                     ;
+----------------------------+-------------+
; Processors                 ; Number      ;
+----------------------------+-------------+
; Number detected on machine ; 16          ;
; Maximum allowed            ; 12          ;
;                            ;             ;
; Average used               ; 1.00        ;
; Maximum used               ; 1           ;
;                            ;             ;
; Usage by Processor         ; % Time Used ;
;     Processor 1            ; 100.0%      ;
+----------------------------+-------------+


+---------------------------------------------------------------------------------------------------------------------------------+
; Analysis & Synthesis Source Files Read                                                                                          ;
+----------------------------------+-----------------+------------------------+-----------------------------------------+---------+
; File Name with User-Entered Path ; Used in Netlist ; File Type              ; File Name with Absolute Path            ; Library ;
+----------------------------------+-----------------+------------------------+-----------------------------------------+---------+
; part2.v                          ; yes             ; User Verilog HDL File  ; C:/EEC 180/lab2/synthesis/part2/part2.v ;         ;
; ../../hdl/FullAdder.v            ; yes             ; User Verilog HDL File  ; C:/EEC 180/lab2/hdl/FullAdder.v         ;         ;
; ../../hdl/bitMulti.v             ; yes             ; User Verilog HDL File  ; C:/EEC 180/lab2/hdl/bitMulti.v          ;         ;
; ../../hdl/bit2hex.v              ; yes             ; User Verilog HDL File  ; C:/EEC 180/lab2/hdl/bit2hex.v           ;         ;
+----------------------------------+-----------------+------------------------+-----------------------------------------+---------+


+-----------------------------------------------------------+
; Analysis & Synthesis Resource Usage Summary               ;
+---------------------------------------------+-------------+
; Resource                                    ; Usage       ;
+---------------------------------------------+-------------+
; Estimated Total logic elements              ; 55          ;
;                                             ;             ;
; Total combinational functions               ; 55          ;
; Logic element usage by number of LUT inputs ;             ;
;     -- 4 input functions                    ; 46          ;
;     -- 3 input functions                    ; 6           ;
;     -- <=2 input functions                  ; 3           ;
;                                             ;             ;
; Logic elements by mode                      ;             ;
;     -- normal mode                          ; 55          ;
;     -- arithmetic mode                      ; 0           ;
;                                             ;             ;
; Total registers                             ; 0           ;
;     -- Dedicated logic registers            ; 0           ;
;     -- I/O registers                        ; 0           ;
;                                             ;             ;
; I/O pins                                    ; 36          ;
;                                             ;             ;
; Embedded Multiplier 9-bit elements          ; 0           ;
;                                             ;             ;
; Maximum fan-out node                        ; SW[6]~input ;
; Maximum fan-out                             ; 15          ;
; Total fan-out                               ; 272         ;
; Average fan-out                             ; 2.14        ;
+---------------------------------------------+-------------+


+----------------------------------------------------------------------------------------------------------------------------------------------------------------------------------------------------------------------------------------------------------+
; Analysis & Synthesis Resource Utilization by Entity                                                                                                                                                                                                      ;
+----------------------------+---------------------+---------------------------+-------------+------------+--------------+---------+-----------+------+--------------+------------+-------------------------------------------+-------------+--------------+
; Compilation Hierarchy Node ; Combinational ALUTs ; Dedicated Logic Registers ; Memory Bits ; UFM Blocks ; DSP Elements ; DSP 9x9 ; DSP 18x18 ; Pins ; Virtual Pins ; ADC blocks ; Full Hierarchy Name                       ; Entity Name ; Library Name ;
+----------------------------+---------------------+---------------------------+-------------+------------+--------------+---------+-----------+------+--------------+------------+-------------------------------------------+-------------+--------------+
; |part2                     ; 55 (0)              ; 0 (0)                     ; 0           ; 0          ; 0            ; 0       ; 0         ; 36   ; 0            ; 0          ; |part2                                    ; part2       ; work         ;
;    |bit2Hex:a|             ; 7 (7)               ; 0 (0)                     ; 0           ; 0          ; 0            ; 0       ; 0         ; 0    ; 0            ; 0          ; |part2|bit2Hex:a                          ; bit2Hex     ; work         ;
;    |bit2Hex:b|             ; 7 (7)               ; 0 (0)                     ; 0           ; 0          ; 0            ; 0       ; 0         ; 0    ; 0            ; 0          ; |part2|bit2Hex:b                          ; bit2Hex     ; work         ;
;    |bit2Hex:p0|            ; 7 (7)               ; 0 (0)                     ; 0           ; 0          ; 0            ; 0       ; 0         ; 0    ; 0            ; 0          ; |part2|bit2Hex:p0                         ; bit2Hex     ; work         ;
;    |bit2Hex:p1|            ; 7 (7)               ; 0 (0)                     ; 0           ; 0          ; 0            ; 0       ; 0         ; 0    ; 0            ; 0          ; |part2|bit2Hex:p1                         ; bit2Hex     ; work         ;
;    |bitmulti:multiplier|   ; 27 (3)              ; 0 (0)                     ; 0           ; 0          ; 0            ; 0       ; 0         ; 0    ; 0            ; 0          ; |part2|bitmulti:multiplier                ; bitmulti    ; work         ;
;       |FullAdder:FA0|      ; 2 (2)               ; 0 (0)                     ; 0           ; 0          ; 0            ; 0       ; 0         ; 0    ; 0            ; 0          ; |part2|bitmulti:multiplier|FullAdder:FA0  ; FullAdder   ; work         ;
;       |FullAdder:FA10|     ; 2 (2)               ; 0 (0)                     ; 0           ; 0          ; 0            ; 0       ; 0         ; 0    ; 0            ; 0          ; |part2|bitmulti:multiplier|FullAdder:FA10 ; FullAdder   ; work         ;
;       |FullAdder:FA11|     ; 2 (2)               ; 0 (0)                     ; 0           ; 0          ; 0            ; 0       ; 0         ; 0    ; 0            ; 0          ; |part2|bitmulti:multiplier|FullAdder:FA11 ; FullAdder   ; work         ;
;       |FullAdder:FA1|      ; 2 (2)               ; 0 (0)                     ; 0           ; 0          ; 0            ; 0       ; 0         ; 0    ; 0            ; 0          ; |part2|bitmulti:multiplier|FullAdder:FA1  ; FullAdder   ; work         ;
;       |FullAdder:FA2|      ; 2 (2)               ; 0 (0)                     ; 0           ; 0          ; 0            ; 0       ; 0         ; 0    ; 0            ; 0          ; |part2|bitmulti:multiplier|FullAdder:FA2  ; FullAdder   ; work         ;
;       |FullAdder:FA3|      ; 2 (2)               ; 0 (0)                     ; 0           ; 0          ; 0            ; 0       ; 0         ; 0    ; 0            ; 0          ; |part2|bitmulti:multiplier|FullAdder:FA3  ; FullAdder   ; work         ;
;       |FullAdder:FA4|      ; 2 (2)               ; 0 (0)                     ; 0           ; 0          ; 0            ; 0       ; 0         ; 0    ; 0            ; 0          ; |part2|bitmulti:multiplier|FullAdder:FA4  ; FullAdder   ; work         ;
;       |FullAdder:FA5|      ; 2 (2)               ; 0 (0)                     ; 0           ; 0          ; 0            ; 0       ; 0         ; 0    ; 0            ; 0          ; |part2|bitmulti:multiplier|FullAdder:FA5  ; FullAdder   ; work         ;
;       |FullAdder:FA6|      ; 2 (2)               ; 0 (0)                     ; 0           ; 0          ; 0            ; 0       ; 0         ; 0    ; 0            ; 0          ; |part2|bitmulti:multiplier|FullAdder:FA6  ; FullAdder   ; work         ;
;       |FullAdder:FA7|      ; 2 (2)               ; 0 (0)                     ; 0           ; 0          ; 0            ; 0       ; 0         ; 0    ; 0            ; 0          ; |part2|bitmulti:multiplier|FullAdder:FA7  ; FullAdder   ; work         ;
;       |FullAdder:FA8|      ; 2 (2)               ; 0 (0)                     ; 0           ; 0          ; 0            ; 0       ; 0         ; 0    ; 0            ; 0          ; |part2|bitmulti:multiplier|FullAdder:FA8  ; FullAdder   ; work         ;
;       |FullAdder:FA9|      ; 2 (2)               ; 0 (0)                     ; 0           ; 0          ; 0            ; 0       ; 0         ; 0    ; 0            ; 0          ; |part2|bitmulti:multiplier|FullAdder:FA9  ; FullAdder   ; work         ;
+----------------------------+---------------------+---------------------------+-------------+------------+--------------+---------+-----------+------+--------------+------------+-------------------------------------------+-------------+--------------+
Note: For table entries with two numbers listed, the numbers in parentheses indicate the number of resources of the given type used by the specific entity alone. The numbers listed outside of parentheses indicate the total resources of the given type used by the specific entity and all of its sub-entities in the hierarchy.


+------------------------------------------------------+
; General Register Statistics                          ;
+----------------------------------------------+-------+
; Statistic                                    ; Value ;
+----------------------------------------------+-------+
; Total registers                              ; 0     ;
; Number of registers using Synchronous Clear  ; 0     ;
; Number of registers using Synchronous Load   ; 0     ;
; Number of registers using Asynchronous Clear ; 0     ;
; Number of registers using Asynchronous Load  ; 0     ;
; Number of registers using Clock Enable       ; 0     ;
; Number of registers using Preset             ; 0     ;
+----------------------------------------------+-------+


+------------------------------------------------------------------------------------------------------------------------------------------+
; Multiplexer Restructuring Statistics (Restructuring Performed)                                                                           ;
+--------------------+-----------+---------------+----------------------+------------------------+------------+----------------------------+
; Multiplexer Inputs ; Bus Width ; Baseline Area ; Area if Restructured ; Saving if Restructured ; Registered ; Example Multiplexer Output ;
+--------------------+-----------+---------------+----------------------+------------------------+------------+----------------------------+
; 3:1                ; 2 bits    ; 4 LEs         ; 4 LEs                ; 0 LEs                  ; No         ; |part2|bit2Hex:b|HEX       ;
+--------------------+-----------+---------------+----------------------+------------------------+------------+----------------------------+


+---------------------------------------------------------------------------------------------------------------------------------------------------+
; Port Connectivity Checks: "bit2Hex:p1"                                                                                                            ;
+------+--------+----------+------------------------------------------------------------------------------------------------------------------------+
; Port ; Type   ; Severity ; Details                                                                                                                ;
+------+--------+----------+------------------------------------------------------------------------------------------------------------------------+
; HEX  ; Output ; Warning  ; Output or bidir port (8 bits) is wider than the port expression (7 bits) it drives; bit(s) "HEX[7..7]" have no fanouts ;
+------+--------+----------+------------------------------------------------------------------------------------------------------------------------+


+---------------------------------------------------------------------------------------------------------------------------------------------------+
; Port Connectivity Checks: "bit2Hex:p0"                                                                                                            ;
+------+--------+----------+------------------------------------------------------------------------------------------------------------------------+
; Port ; Type   ; Severity ; Details                                                                                                                ;
+------+--------+----------+------------------------------------------------------------------------------------------------------------------------+
; HEX  ; Output ; Warning  ; Output or bidir port (8 bits) is wider than the port expression (7 bits) it drives; bit(s) "HEX[7..7]" have no fanouts ;
+------+--------+----------+------------------------------------------------------------------------------------------------------------------------+


+---------------------------------------------------------------------------------------------------------------------------------------------------+
; Port Connectivity Checks: "bit2Hex:a"                                                                                                             ;
+------+--------+----------+------------------------------------------------------------------------------------------------------------------------+
; Port ; Type   ; Severity ; Details                                                                                                                ;
+------+--------+----------+------------------------------------------------------------------------------------------------------------------------+
; HEX  ; Output ; Warning  ; Output or bidir port (8 bits) is wider than the port expression (7 bits) it drives; bit(s) "HEX[7..7]" have no fanouts ;
+------+--------+----------+------------------------------------------------------------------------------------------------------------------------+


+---------------------------------------------------------------------------------------------------------------------------------------------------+
; Port Connectivity Checks: "bit2Hex:b"                                                                                                             ;
+------+--------+----------+------------------------------------------------------------------------------------------------------------------------+
; Port ; Type   ; Severity ; Details                                                                                                                ;
+------+--------+----------+------------------------------------------------------------------------------------------------------------------------+
; HEX  ; Output ; Warning  ; Output or bidir port (8 bits) is wider than the port expression (7 bits) it drives; bit(s) "HEX[7..7]" have no fanouts ;
+------+--------+----------+------------------------------------------------------------------------------------------------------------------------+


+---------------------------------------------------------------------------------------------------------------------------------------------------------------------------------------------------------------+
; Port Connectivity Checks: "bitmulti:multiplier|FullAdder:FA6"                                                                                                                                                 ;
+-------+-------+----------+------------------------------------------------------------------------------------------------------------------------------------------------------------------------------------+
; Port  ; Type  ; Severity ; Details                                                                                                                                                                            ;
+-------+-------+----------+------------------------------------------------------------------------------------------------------------------------------------------------------------------------------------+
; b     ; Input ; Warning  ; Input port expression (32 bits) is wider than the input port (1 bits) it drives.  The 31 most-significant bit(s) in the expression will be dangling if they have no other fanouts. ;
; b[-1] ; Input ; Info     ; Stuck at GND                                                                                                                                                                       ;
+-------+-------+----------+------------------------------------------------------------------------------------------------------------------------------------------------------------------------------------+


+----------------------------------------------------------------------------------------------------------------------------------------------------------------------------------------------------------------+
; Port Connectivity Checks: "bitmulti:multiplier|FullAdder:FA5"                                                                                                                                                  ;
+--------+-------+----------+------------------------------------------------------------------------------------------------------------------------------------------------------------------------------------+
; Port   ; Type  ; Severity ; Details                                                                                                                                                                            ;
+--------+-------+----------+------------------------------------------------------------------------------------------------------------------------------------------------------------------------------------+
; cI     ; Input ; Warning  ; Input port expression (32 bits) is wider than the input port (1 bits) it drives.  The 31 most-significant bit(s) in the expression will be dangling if they have no other fanouts. ;
; cI[-1] ; Input ; Info     ; Stuck at GND                                                                                                                                                                       ;
+--------+-------+----------+------------------------------------------------------------------------------------------------------------------------------------------------------------------------------------+


+----------------------------------------------------------------------------------------------------------------------------------------------------------------------------------------------------------------+
; Port Connectivity Checks: "bitmulti:multiplier|FullAdder:FA2"                                                                                                                                                  ;
+--------+-------+----------+------------------------------------------------------------------------------------------------------------------------------------------------------------------------------------+
; Port   ; Type  ; Severity ; Details                                                                                                                                                                            ;
+--------+-------+----------+------------------------------------------------------------------------------------------------------------------------------------------------------------------------------------+
; cI     ; Input ; Warning  ; Input port expression (32 bits) is wider than the input port (1 bits) it drives.  The 31 most-significant bit(s) in the expression will be dangling if they have no other fanouts. ;
; cI[-1] ; Input ; Info     ; Stuck at GND                                                                                                                                                                       ;
+--------+-------+----------+------------------------------------------------------------------------------------------------------------------------------------------------------------------------------------+


+----------------------------------------------------------------------------------------------------------------------------------------------------------------------------------------------------------------+
; Port Connectivity Checks: "bitmulti:multiplier|FullAdder:FA0"                                                                                                                                                  ;
+--------+-------+----------+------------------------------------------------------------------------------------------------------------------------------------------------------------------------------------+
; Port   ; Type  ; Severity ; Details                                                                                                                                                                            ;
+--------+-------+----------+------------------------------------------------------------------------------------------------------------------------------------------------------------------------------------+
; cI     ; Input ; Warning  ; Input port expression (32 bits) is wider than the input port (1 bits) it drives.  The 31 most-significant bit(s) in the expression will be dangling if they have no other fanouts. ;
; cI[-1] ; Input ; Info     ; Stuck at GND                                                                                                                                                                       ;
+--------+-------+----------+------------------------------------------------------------------------------------------------------------------------------------------------------------------------------------+


+-----------------------------------------------------+
; Post-Synthesis Netlist Statistics for Top Partition ;
+-----------------------+-----------------------------+
; Type                  ; Count                       ;
+-----------------------+-----------------------------+
; boundary_port         ; 36                          ;
; cycloneiii_lcell_comb ; 55                          ;
;     normal            ; 55                          ;
;         2 data inputs ; 3                           ;
;         3 data inputs ; 6                           ;
;         4 data inputs ; 46                          ;
;                       ;                             ;
; Max LUT depth         ; 9.00                        ;
; Average LUT depth     ; 6.30                        ;
+-----------------------+-----------------------------+


+-------------------------------+
; Elapsed Time Per Partition    ;
+----------------+--------------+
; Partition Name ; Elapsed Time ;
+----------------+--------------+
; Top            ; 00:00:01     ;
+----------------+--------------+


+-------------------------------+
; Analysis & Synthesis Messages ;
+-------------------------------+
Info: *******************************************************************
Info: Running Quartus Prime Analysis & Synthesis
    Info: Version 19.1.0 Build 670 09/22/2019 SJ Lite Edition
    Info: Processing started: Wed Jan 22 00:04:56 2025
Info: Command: quartus_map --read_settings_files=on --write_settings_files=off part2 -c part2
Warning (18236): Number of processors has not been specified which may cause overloading on shared machines.  Set the global assignment NUM_PARALLEL_PROCESSORS in your QSF to an appropriate value for best performance.
Info (20030): Parallel compilation is enabled and will use 12 of the 12 processors detected
Info (12021): Found 1 design units, including 1 entities, in source file part2.v
    Info (12023): Found entity 1: part2 File: C:/EEC 180/lab2/synthesis/part2/part2.v Line: 6
Info (12021): Found 1 design units, including 1 entities, in source file /eec 180/lab2/hdl/fulladder.v
    Info (12023): Found entity 1: FullAdder File: C:/EEC 180/lab2/hdl/FullAdder.v Line: 1
Info (12021): Found 1 design units, including 1 entities, in source file /eec 180/lab2/hdl/bitmulti.v
    Info (12023): Found entity 1: bitmulti File: C:/EEC 180/lab2/hdl/bitMulti.v Line: 1
Info (12021): Found 1 design units, including 1 entities, in source file /eec 180/lab2/hdl/bit2hex.v
    Info (12023): Found entity 1: bit2Hex File: C:/EEC 180/lab2/hdl/bit2hex.v Line: 1
Warning (10236): Verilog HDL Implicit Net warning at bitMulti.v(12): created implicit net for "a1b0" File: C:/EEC 180/lab2/hdl/bitMulti.v Line: 12
Warning (10236): Verilog HDL Implicit Net warning at bitMulti.v(13): created implicit net for "a0b1" File: C:/EEC 180/lab2/hdl/bitMulti.v Line: 13
Warning (10236): Verilog HDL Implicit Net warning at bitMulti.v(15): created implicit net for "Co0" File: C:/EEC 180/lab2/hdl/bitMulti.v Line: 15
Warning (10236): Verilog HDL Implicit Net warning at bitMulti.v(17): created implicit net for "a2b0" File: C:/EEC 180/lab2/hdl/bitMulti.v Line: 17
Warning (10236): Verilog HDL Implicit Net warning at bitMulti.v(18): created implicit net for "a1b1" File: C:/EEC 180/lab2/hdl/bitMulti.v Line: 18
Warning (10236): Verilog HDL Implicit Net warning at bitMulti.v(19): created implicit net for "a0b2" File: C:/EEC 180/lab2/hdl/bitMulti.v Line: 19
Warning (10236): Verilog HDL Implicit Net warning at bitMulti.v(21): created implicit net for "Co1" File: C:/EEC 180/lab2/hdl/bitMulti.v Line: 21
Warning (10236): Verilog HDL Implicit Net warning at bitMulti.v(21): created implicit net for "S0" File: C:/EEC 180/lab2/hdl/bitMulti.v Line: 21
Warning (10236): Verilog HDL Implicit Net warning at bitMulti.v(22): created implicit net for "Co2" File: C:/EEC 180/lab2/hdl/bitMulti.v Line: 22
Warning (10236): Verilog HDL Implicit Net warning at bitMulti.v(24): created implicit net for "a3b0" File: C:/EEC 180/lab2/hdl/bitMulti.v Line: 24
Warning (10236): Verilog HDL Implicit Net warning at bitMulti.v(25): created implicit net for "a2b1" File: C:/EEC 180/lab2/hdl/bitMulti.v Line: 25
Warning (10236): Verilog HDL Implicit Net warning at bitMulti.v(26): created implicit net for "a1b2" File: C:/EEC 180/lab2/hdl/bitMulti.v Line: 26
Warning (10236): Verilog HDL Implicit Net warning at bitMulti.v(27): created implicit net for "a0b3" File: C:/EEC 180/lab2/hdl/bitMulti.v Line: 27
Warning (10236): Verilog HDL Implicit Net warning at bitMulti.v(29): created implicit net for "Co3" File: C:/EEC 180/lab2/hdl/bitMulti.v Line: 29
Warning (10236): Verilog HDL Implicit Net warning at bitMulti.v(29): created implicit net for "s3" File: C:/EEC 180/lab2/hdl/bitMulti.v Line: 29
Warning (10236): Verilog HDL Implicit Net warning at bitMulti.v(30): created implicit net for "Co4" File: C:/EEC 180/lab2/hdl/bitMulti.v Line: 30
Warning (10236): Verilog HDL Implicit Net warning at bitMulti.v(30): created implicit net for "s4" File: C:/EEC 180/lab2/hdl/bitMulti.v Line: 30
Warning (10236): Verilog HDL Implicit Net warning at bitMulti.v(31): created implicit net for "Co5" File: C:/EEC 180/lab2/hdl/bitMulti.v Line: 31
Warning (10236): Verilog HDL Implicit Net warning at bitMulti.v(34): created implicit net for "a3b1" File: C:/EEC 180/lab2/hdl/bitMulti.v Line: 34
Warning (10236): Verilog HDL Implicit Net warning at bitMulti.v(35): created implicit net for "a2b2" File: C:/EEC 180/lab2/hdl/bitMulti.v Line: 35
Warning (10236): Verilog HDL Implicit Net warning at bitMulti.v(36): created implicit net for "a1b3" File: C:/EEC 180/lab2/hdl/bitMulti.v Line: 36
Warning (10236): Verilog HDL Implicit Net warning at bitMulti.v(38): created implicit net for "Co6" File: C:/EEC 180/lab2/hdl/bitMulti.v Line: 38
Warning (10236): Verilog HDL Implicit Net warning at bitMulti.v(38): created implicit net for "s6" File: C:/EEC 180/lab2/hdl/bitMulti.v Line: 38
Warning (10236): Verilog HDL Implicit Net warning at bitMulti.v(39): created implicit net for "Co7" File: C:/EEC 180/lab2/hdl/bitMulti.v Line: 39
Warning (10236): Verilog HDL Implicit Net warning at bitMulti.v(39): created implicit net for "s7" File: C:/EEC 180/lab2/hdl/bitMulti.v Line: 39
Warning (10236): Verilog HDL Implicit Net warning at bitMulti.v(40): created implicit net for "Co8" File: C:/EEC 180/lab2/hdl/bitMulti.v Line: 40
Warning (10236): Verilog HDL Implicit Net warning at bitMulti.v(43): created implicit net for "a3b2" File: C:/EEC 180/lab2/hdl/bitMulti.v Line: 43
Warning (10236): Verilog HDL Implicit Net warning at bitMulti.v(44): created implicit net for "a2b3" File: C:/EEC 180/lab2/hdl/bitMulti.v Line: 44
Warning (10236): Verilog HDL Implicit Net warning at bitMulti.v(46): created implicit net for "Co9" File: C:/EEC 180/lab2/hdl/bitMulti.v Line: 46
Warning (10236): Verilog HDL Implicit Net warning at bitMulti.v(46): created implicit net for "s9" File: C:/EEC 180/lab2/hdl/bitMulti.v Line: 46
Warning (10236): Verilog HDL Implicit Net warning at bitMulti.v(47): created implicit net for "Co10" File: C:/EEC 180/lab2/hdl/bitMulti.v Line: 47
Warning (10236): Verilog HDL Implicit Net warning at bitMulti.v(50): created implicit net for "a3b3" File: C:/EEC 180/lab2/hdl/bitMulti.v Line: 50
Info (12127): Elaborating entity "part2" for the top level hierarchy
Info (12128): Elaborating entity "bitmulti" for hierarchy "bitmulti:multiplier" File: C:/EEC 180/lab2/synthesis/part2/part2.v Line: 35
Info (12128): Elaborating entity "FullAdder" for hierarchy "bitmulti:multiplier|FullAdder:FA0" File: C:/EEC 180/lab2/hdl/bitMulti.v Line: 15
Info (12128): Elaborating entity "bit2Hex" for hierarchy "bit2Hex:b" File: C:/EEC 180/lab2/synthesis/part2/part2.v Line: 36
Warning (10034): Output port "HEX[7]" at bit2hex.v(3) has no driver File: C:/EEC 180/lab2/hdl/bit2hex.v Line: 3
Warning (12241): 8 hierarchies have connectivity warnings - see the Connectivity Checks report folder
Info (286030): Timing-Driven Synthesis is running
Info (16010): Generating hard_block partition "hard_block:auto_generated_inst"
    Info (16011): Adding 0 node(s), including 0 DDIO, 0 PLL, 0 transceiver and 0 LCELL
Info (21057): Implemented 91 device resources after synthesis - the final resource count might be different
    Info (21058): Implemented 8 input pins
    Info (21059): Implemented 28 output pins
    Info (21061): Implemented 55 logic cells
Info: Quartus Prime Analysis & Synthesis was successful. 0 errors, 35 warnings
    Info: Peak virtual memory: 4779 megabytes
    Info: Processing ended: Wed Jan 22 00:05:07 2025
    Info: Elapsed time: 00:00:11
    Info: Total CPU time (on all processors): 00:00:07


