Analysis & Synthesis report for part3
Wed Jan 22 12:17:20 2025
Quartus Prime Version 19.1.0 Build 670 09/22/2019 SJ Lite Edition


---------------------
; Table of Contents ;
---------------------
  1. Legal Notice
  2. Analysis & Synthesis Summary
  3. Analysis & Synthesis Settings
  4. Parallel Compilation
  5. Analysis & Synthesis Source Files Read
  6. Analysis & Synthesis Resource Usage Summary
  7. Analysis & Synthesis Resource Utilization by Entity
  8. General Register Statistics
  9. Parameter Settings for User Entity Instance: Top-level Entity: |part3
 10. Post-Synthesis Netlist Statistics for Top Partition
 11. Elapsed Time Per Partition
 12. Analysis & Synthesis Messages



----------------
; Legal Notice ;
----------------
Copyright (C) 2019  Intel Corporation. All rights reserved.
Your use of Intel Corporation's design tools, logic functions 
and other software and tools, and any partner logic 
functions, and any output files from any of the foregoing 
(including device programming or simulation files), and any 
associated documentation or information are expressly subject 
to the terms and conditions of the Intel Program License 
Subscription Agreement, the Intel Quartus Prime License Agreement,
the Intel FPGA IP License Agreement, or other applicable license
agreement, including, without limitation, that your use is for
the sole purpose of programming logic devices manufactured by
Intel and sold by Intel or its authorized distributors.  Please
refer to the applicable agreement for further details, at
https://fpgasoftware.intel.com/eula.



+----------------------------------------------------------------------------------+
; Analysis & Synthesis Summary                                                     ;
+------------------------------------+---------------------------------------------+
; Analysis & Synthesis Status        ; Successful - Wed Jan 22 12:17:20 2025       ;
; Quartus Prime Version              ; 19.1.0 Build 670 09/22/2019 SJ Lite Edition ;
; Revision Name                      ; part3                                       ;
; Top-level Entity Name              ; part3                                       ;
; Family                             ; MAX 10                                      ;
; Total logic elements               ; 8                                           ;
;     Total combinational functions  ; 8                                           ;
;     Dedicated logic registers      ; 0                                           ;
; Total registers                    ; 0                                           ;
; Total pins                         ; 26                                          ;
; Total virtual pins                 ; 0                                           ;
; Total memory bits                  ; 0                                           ;
; Embedded Multiplier 9-bit elements ; 0                                           ;
; Total PLLs                         ; 0                                           ;
; UFM blocks                         ; 0                                           ;
; ADC blocks                         ; 0                                           ;
+------------------------------------+---------------------------------------------+


+------------------------------------------------------------------------------------------------------------+
; Analysis & Synthesis Settings                                                                              ;
+------------------------------------------------------------------+--------------------+--------------------+
; Option                                                           ; Setting            ; Default Value      ;
+------------------------------------------------------------------+--------------------+--------------------+
; Device                                                           ; 10M50DAF484C7G     ;                    ;
; Top-level entity name                                            ; part3              ; part3              ;
; Family name                                                      ; MAX 10 FPGA        ; Cyclone V          ;
; Use smart compilation                                            ; Off                ; Off                ;
; Enable parallel Assembler and Timing Analyzer during compilation ; On                 ; On                 ;
; Enable compact report table                                      ; Off                ; Off                ;
; Restructure Multiplexers                                         ; Auto               ; Auto               ;
; Create Debugging Nodes for IP Cores                              ; Off                ; Off                ;
; Preserve fewer node names                                        ; On                 ; On                 ;
; Intel FPGA IP Evaluation Mode                                    ; Enable             ; Enable             ;
; Verilog Version                                                  ; Verilog_2001       ; Verilog_2001       ;
; VHDL Version                                                     ; VHDL_1993          ; VHDL_1993          ;
; State Machine Processing                                         ; Auto               ; Auto               ;
; Safe State Machine                                               ; Off                ; Off                ;
; Extract Verilog State Machines                                   ; On                 ; On                 ;
; Extract VHDL State Machines                                      ; On                 ; On                 ;
; Ignore Verilog initial constructs                                ; Off                ; Off                ;
; Iteration limit for constant Verilog loops                       ; 5000               ; 5000               ;
; Iteration limit for non-constant Verilog loops                   ; 250                ; 250                ;
; Add Pass-Through Logic to Inferred RAMs                          ; On                 ; On                 ;
; Infer RAMs from Raw Logic                                        ; On                 ; On                 ;
; Parallel Synthesis                                               ; On                 ; On                 ;
; DSP Block Balancing                                              ; Auto               ; Auto               ;
; NOT Gate Push-Back                                               ; On                 ; On                 ;
; Power-Up Don't Care                                              ; On                 ; On                 ;
; Remove Redundant Logic Cells                                     ; Off                ; Off                ;
; Remove Duplicate Registers                                       ; On                 ; On                 ;
; Ignore CARRY Buffers                                             ; Off                ; Off                ;
; Ignore CASCADE Buffers                                           ; Off                ; Off                ;
; Ignore GLOBAL Buffers                                            ; Off                ; Off                ;
; Ignore ROW GLOBAL Buffers                                        ; Off                ; Off                ;
; Ignore LCELL Buffers                                             ; Off                ; Off                ;
; Ignore SOFT Buffers                                              ; On                 ; On                 ;
; Limit AHDL Integers to 32 Bits                                   ; Off                ; Off                ;
; Optimization Technique                                           ; Balanced           ; Balanced           ;
; Carry Chain Length                                               ; 70                 ; 70                 ;
; Auto Carry Chains                                                ; On                 ; On                 ;
; Auto Open-Drain Pins                                             ; On                 ; On                 ;
; Perform WYSIWYG Primitive Resynthesis                            ; Off                ; Off                ;
; Auto ROM Replacement                                             ; On                 ; On                 ;
; Auto RAM Replacement                                             ; On                 ; On                 ;
; Auto DSP Block Replacement                                       ; On                 ; On                 ;
; Auto Shift Register Replacement                                  ; Auto               ; Auto               ;
; Allow Shift Register Merging across Hierarchies                  ; Auto               ; Auto               ;
; Auto Clock Enable Replacement                                    ; On                 ; On                 ;
; Strict RAM Replacement                                           ; Off                ; Off                ;
; Allow Synchronous Control Signals                                ; On                 ; On                 ;
; Force Use of Synchronous Clear Signals                           ; Off                ; Off                ;
; Auto RAM Block Balancing                                         ; On                 ; On                 ;
; Auto RAM to Logic Cell Conversion                                ; Off                ; Off                ;
; Auto Resource Sharing                                            ; Off                ; Off                ;
; Allow Any RAM Size For Recognition                               ; Off                ; Off                ;
; Allow Any ROM Size For Recognition                               ; Off                ; Off                ;
; Allow Any Shift Register Size For Recognition                    ; Off                ; Off                ;
; Use LogicLock Constraints during Resource Balancing              ; On                 ; On                 ;
; Ignore translate_off and synthesis_off directives                ; Off                ; Off                ;
; Timing-Driven Synthesis                                          ; On                 ; On                 ;
; Report Parameter Settings                                        ; On                 ; On                 ;
; Report Source Assignments                                        ; On                 ; On                 ;
; Report Connectivity Checks                                       ; On                 ; On                 ;
; Ignore Maximum Fan-Out Assignments                               ; Off                ; Off                ;
; Synchronization Register Chain Length                            ; 2                  ; 2                  ;
; Power Optimization During Synthesis                              ; Normal compilation ; Normal compilation ;
; HDL message level                                                ; Level2             ; Level2             ;
; Suppress Register Optimization Related Messages                  ; Off                ; Off                ;
; Number of Removed Registers Reported in Synthesis Report         ; 5000               ; 5000               ;
; Number of Swept Nodes Reported in Synthesis Report               ; 5000               ; 5000               ;
; Number of Inverted Registers Reported in Synthesis Report        ; 100                ; 100                ;
; Clock MUX Protection                                             ; On                 ; On                 ;
; Auto Gated Clock Conversion                                      ; Off                ; Off                ;
; Block Design Naming                                              ; Auto               ; Auto               ;
; SDC constraint protection                                        ; Off                ; Off                ;
; Synthesis Effort                                                 ; Auto               ; Auto               ;
; Shift Register Replacement - Allow Asynchronous Clear Signal     ; On                 ; On                 ;
; Pre-Mapping Resynthesis Optimization                             ; Off                ; Off                ;
; Analysis & Synthesis Message Level                               ; Medium             ; Medium             ;
; Disable Register Merging Across Hierarchies                      ; Auto               ; Auto               ;
; Resource Aware Inference For Block RAM                           ; On                 ; On                 ;
+------------------------------------------------------------------+--------------------+--------------------+


+------------------------------------------+
; Parallel Compilation                     ;
+----------------------------+-------------+
; Processors                 ; Number      ;
+----------------------------+-------------+
; Number detected on machine ; 8           ;
; Maximum allowed            ; 4           ;
;                            ;             ;
; Average used               ; 1.00        ;
; Maximum used               ; 1           ;
;                            ;             ;
; Usage by Processor         ; % Time Used ;
;     Processor 1            ; 100.0%      ;
+----------------------------+-------------+


+--------------------------------------------------------------------------------------------------------------------------------------------------------------+
; Analysis & Synthesis Source Files Read                                                                                                                       ;
+----------------------------------+-----------------+------------------------------+----------------------------------------------------------------+---------+
; File Name with User-Entered Path ; Used in Netlist ; File Type                    ; File Name with Absolute Path                                   ; Library ;
+----------------------------------+-----------------+------------------------------+----------------------------------------------------------------+---------+
; ../../hdl/FullAdder.v            ; yes             ; User Verilog HDL File        ; C:/Users/John/Desktop/180LAB/Lab2/lab2/hdl/FullAdder.v         ;         ;
; part3.v                          ; yes             ; Auto-Found Verilog HDL File  ; C:/Users/John/Desktop/180LAB/Lab2/lab2/synthesis/part3/part3.v ;         ;
+----------------------------------+-----------------+------------------------------+----------------------------------------------------------------+---------+


+-------------------------------------------------------------------------+
; Analysis & Synthesis Resource Usage Summary                             ;
+---------------------------------------------+---------------------------+
; Resource                                    ; Usage                     ;
+---------------------------------------------+---------------------------+
; Estimated Total logic elements              ; 8                         ;
;                                             ;                           ;
; Total combinational functions               ; 8                         ;
; Logic element usage by number of LUT inputs ;                           ;
;     -- 4 input functions                    ; 0                         ;
;     -- 3 input functions                    ; 1                         ;
;     -- <=2 input functions                  ; 7                         ;
;                                             ;                           ;
; Logic elements by mode                      ;                           ;
;     -- normal mode                          ; 8                         ;
;     -- arithmetic mode                      ; 0                         ;
;                                             ;                           ;
; Total registers                             ; 0                         ;
;     -- Dedicated logic registers            ; 0                         ;
;     -- I/O registers                        ; 0                         ;
;                                             ;                           ;
; I/O pins                                    ; 26                        ;
;                                             ;                           ;
; Embedded Multiplier 9-bit elements          ; 0                         ;
;                                             ;                           ;
; Maximum fan-out node                        ; FullAdder:FAgen[0].u0|s~0 ;
; Maximum fan-out                             ; 1                         ;
; Total fan-out                               ; 51                        ;
; Average fan-out                             ; 0.85                      ;
+---------------------------------------------+---------------------------+


+---------------------------------------------------------------------------------------------------------------------------------------------------------------------------------------------------------------------------------------------+
; Analysis & Synthesis Resource Utilization by Entity                                                                                                                                                                                         ;
+----------------------------+---------------------+---------------------------+-------------+------------+--------------+---------+-----------+------+--------------+------------+------------------------------+-------------+--------------+
; Compilation Hierarchy Node ; Combinational ALUTs ; Dedicated Logic Registers ; Memory Bits ; UFM Blocks ; DSP Elements ; DSP 9x9 ; DSP 18x18 ; Pins ; Virtual Pins ; ADC blocks ; Full Hierarchy Name          ; Entity Name ; Library Name ;
+----------------------------+---------------------+---------------------------+-------------+------------+--------------+---------+-----------+------+--------------+------------+------------------------------+-------------+--------------+
; |part3                     ; 8 (0)               ; 0 (0)                     ; 0           ; 0          ; 0            ; 0       ; 0         ; 26   ; 0            ; 0          ; |part3                       ; part3       ; work         ;
;    |FullAdder:FAgen[0].u0| ; 1 (1)               ; 0 (0)                     ; 0           ; 0          ; 0            ; 0       ; 0         ; 0    ; 0            ; 0          ; |part3|FullAdder:FAgen[0].u0 ; FullAdder   ; work         ;
;    |FullAdder:FAgen[1].u0| ; 1 (1)               ; 0 (0)                     ; 0           ; 0          ; 0            ; 0       ; 0         ; 0    ; 0            ; 0          ; |part3|FullAdder:FAgen[1].u0 ; FullAdder   ; work         ;
;    |FullAdder:FAgen[2].u0| ; 1 (1)               ; 0 (0)                     ; 0           ; 0          ; 0            ; 0       ; 0         ; 0    ; 0            ; 0          ; |part3|FullAdder:FAgen[2].u0 ; FullAdder   ; work         ;
;    |FullAdder:FAgen[3].u0| ; 1 (1)               ; 0 (0)                     ; 0           ; 0          ; 0            ; 0       ; 0         ; 0    ; 0            ; 0          ; |part3|FullAdder:FAgen[3].u0 ; FullAdder   ; work         ;
;    |FullAdder:FAgen[4].u0| ; 1 (1)               ; 0 (0)                     ; 0           ; 0          ; 0            ; 0       ; 0         ; 0    ; 0            ; 0          ; |part3|FullAdder:FAgen[4].u0 ; FullAdder   ; work         ;
;    |FullAdder:FAgen[5].u0| ; 1 (1)               ; 0 (0)                     ; 0           ; 0          ; 0            ; 0       ; 0         ; 0    ; 0            ; 0          ; |part3|FullAdder:FAgen[5].u0 ; FullAdder   ; work         ;
;    |FullAdder:FAgen[6].u0| ; 1 (1)               ; 0 (0)                     ; 0           ; 0          ; 0            ; 0       ; 0         ; 0    ; 0            ; 0          ; |part3|FullAdder:FAgen[6].u0 ; FullAdder   ; work         ;
;    |FullAdder:FAgen[7].u0| ; 1 (1)               ; 0 (0)                     ; 0           ; 0          ; 0            ; 0       ; 0         ; 0    ; 0            ; 0          ; |part3|FullAdder:FAgen[7].u0 ; FullAdder   ; work         ;
+----------------------------+---------------------+---------------------------+-------------+------------+--------------+---------+-----------+------+--------------+------------+------------------------------+-------------+--------------+
Note: For table entries with two numbers listed, the numbers in parentheses indicate the number of resources of the given type used by the specific entity alone. The numbers listed outside of parentheses indicate the total resources of the given type used by the specific entity and all of its sub-entities in the hierarchy.


+------------------------------------------------------+
; General Register Statistics                          ;
+----------------------------------------------+-------+
; Statistic                                    ; Value ;
+----------------------------------------------+-------+
; Total registers                              ; 0     ;
; Number of registers using Synchronous Clear  ; 0     ;
; Number of registers using Synchronous Load   ; 0     ;
; Number of registers using Asynchronous Clear ; 0     ;
; Number of registers using Asynchronous Load  ; 0     ;
; Number of registers using Clock Enable       ; 0     ;
; Number of registers using Preset             ; 0     ;
+----------------------------------------------+-------+


+-----------------------------------------------------------------------+
; Parameter Settings for User Entity Instance: Top-level Entity: |part3 ;
+----------------+-------+----------------------------------------------+
; Parameter Name ; Value ; Type                                         ;
+----------------+-------+----------------------------------------------+
; N              ; 8     ; Signed Integer                               ;
+----------------+-------+----------------------------------------------+
Note: In order to hide this table in the UI and the text report file, please set the "Show Parameter Settings in Synthesis Report" option in "Analysis and Synthesis Settings -> More Settings" to "Off".


+-----------------------------------------------------+
; Post-Synthesis Netlist Statistics for Top Partition ;
+-----------------------+-----------------------------+
; Type                  ; Count                       ;
+-----------------------+-----------------------------+
; boundary_port         ; 26                          ;
; cycloneiii_lcell_comb ; 9                           ;
;     normal            ; 9                           ;
;         0 data inputs ; 1                           ;
;         2 data inputs ; 7                           ;
;         3 data inputs ; 1                           ;
;                       ;                             ;
; Max LUT depth         ; 1.00                        ;
; Average LUT depth     ; 0.96                        ;
+-----------------------+-----------------------------+


+-------------------------------+
; Elapsed Time Per Partition    ;
+----------------+--------------+
; Partition Name ; Elapsed Time ;
+----------------+--------------+
; Top            ; 00:00:00     ;
+----------------+--------------+


+-------------------------------+
; Analysis & Synthesis Messages ;
+-------------------------------+
Info: *******************************************************************
Info: Running Quartus Prime Analysis & Synthesis
    Info: Version 19.1.0 Build 670 09/22/2019 SJ Lite Edition
    Info: Processing started: Wed Jan 22 12:17:10 2025
Info: Command: quartus_map --read_settings_files=on --write_settings_files=off part3 -c part3
Warning (18236): Number of processors has not been specified which may cause overloading on shared machines.  Set the global assignment NUM_PARALLEL_PROCESSORS in your QSF to an appropriate value for best performance.
Info (20030): Parallel compilation is enabled and will use 4 of the 4 processors detected
Info (12021): Found 1 design units, including 1 entities, in source file /users/john/desktop/180lab/lab2/lab2/hdl/fulladder.v
    Info (12023): Found entity 1: FullAdder File: C:/Users/John/Desktop/180LAB/Lab2/lab2/hdl/FullAdder.v Line: 1
Info (12021): Found 1 design units, including 1 entities, in source file /users/john/desktop/180lab/lab2/lab2/hdl/bitmulti.v
    Info (12023): Found entity 1: bitmulti File: C:/Users/John/Desktop/180LAB/Lab2/lab2/hdl/bitMulti.v Line: 1
Info (12021): Found 1 design units, including 1 entities, in source file /users/john/desktop/180lab/lab2/lab2/hdl/bit2hex.v
    Info (12023): Found entity 1: bit2Hex File: C:/Users/John/Desktop/180LAB/Lab2/lab2/hdl/bit2hex.v Line: 1
Warning (10236): Verilog HDL Implicit Net warning at FullAdder.v(3): created implicit net for "cO" File: C:/Users/John/Desktop/180LAB/Lab2/lab2/hdl/FullAdder.v Line: 3
Warning (10236): Verilog HDL Implicit Net warning at bitMulti.v(12): created implicit net for "a1b0" File: C:/Users/John/Desktop/180LAB/Lab2/lab2/hdl/bitMulti.v Line: 12
Warning (10236): Verilog HDL Implicit Net warning at bitMulti.v(13): created implicit net for "a0b1" File: C:/Users/John/Desktop/180LAB/Lab2/lab2/hdl/bitMulti.v Line: 13
Warning (10236): Verilog HDL Implicit Net warning at bitMulti.v(15): created implicit net for "Co0" File: C:/Users/John/Desktop/180LAB/Lab2/lab2/hdl/bitMulti.v Line: 15
Warning (10236): Verilog HDL Implicit Net warning at bitMulti.v(17): created implicit net for "a2b0" File: C:/Users/John/Desktop/180LAB/Lab2/lab2/hdl/bitMulti.v Line: 17
Warning (10236): Verilog HDL Implicit Net warning at bitMulti.v(18): created implicit net for "a1b1" File: C:/Users/John/Desktop/180LAB/Lab2/lab2/hdl/bitMulti.v Line: 18
Warning (10236): Verilog HDL Implicit Net warning at bitMulti.v(19): created implicit net for "a0b2" File: C:/Users/John/Desktop/180LAB/Lab2/lab2/hdl/bitMulti.v Line: 19
Warning (10236): Verilog HDL Implicit Net warning at bitMulti.v(21): created implicit net for "Co1" File: C:/Users/John/Desktop/180LAB/Lab2/lab2/hdl/bitMulti.v Line: 21
Warning (10236): Verilog HDL Implicit Net warning at bitMulti.v(21): created implicit net for "S0" File: C:/Users/John/Desktop/180LAB/Lab2/lab2/hdl/bitMulti.v Line: 21
Warning (10236): Verilog HDL Implicit Net warning at bitMulti.v(22): created implicit net for "Co2" File: C:/Users/John/Desktop/180LAB/Lab2/lab2/hdl/bitMulti.v Line: 22
Warning (10236): Verilog HDL Implicit Net warning at bitMulti.v(24): created implicit net for "a3b0" File: C:/Users/John/Desktop/180LAB/Lab2/lab2/hdl/bitMulti.v Line: 24
Warning (10236): Verilog HDL Implicit Net warning at bitMulti.v(25): created implicit net for "a2b1" File: C:/Users/John/Desktop/180LAB/Lab2/lab2/hdl/bitMulti.v Line: 25
Warning (10236): Verilog HDL Implicit Net warning at bitMulti.v(26): created implicit net for "a1b2" File: C:/Users/John/Desktop/180LAB/Lab2/lab2/hdl/bitMulti.v Line: 26
Warning (10236): Verilog HDL Implicit Net warning at bitMulti.v(27): created implicit net for "a0b3" File: C:/Users/John/Desktop/180LAB/Lab2/lab2/hdl/bitMulti.v Line: 27
Warning (10236): Verilog HDL Implicit Net warning at bitMulti.v(29): created implicit net for "Co3" File: C:/Users/John/Desktop/180LAB/Lab2/lab2/hdl/bitMulti.v Line: 29
Warning (10236): Verilog HDL Implicit Net warning at bitMulti.v(29): created implicit net for "s3" File: C:/Users/John/Desktop/180LAB/Lab2/lab2/hdl/bitMulti.v Line: 29
Warning (10236): Verilog HDL Implicit Net warning at bitMulti.v(30): created implicit net for "Co4" File: C:/Users/John/Desktop/180LAB/Lab2/lab2/hdl/bitMulti.v Line: 30
Warning (10236): Verilog HDL Implicit Net warning at bitMulti.v(30): created implicit net for "s4" File: C:/Users/John/Desktop/180LAB/Lab2/lab2/hdl/bitMulti.v Line: 30
Warning (10236): Verilog HDL Implicit Net warning at bitMulti.v(31): created implicit net for "Co5" File: C:/Users/John/Desktop/180LAB/Lab2/lab2/hdl/bitMulti.v Line: 31
Warning (10236): Verilog HDL Implicit Net warning at bitMulti.v(34): created implicit net for "a3b1" File: C:/Users/John/Desktop/180LAB/Lab2/lab2/hdl/bitMulti.v Line: 34
Warning (10236): Verilog HDL Implicit Net warning at bitMulti.v(35): created implicit net for "a2b2" File: C:/Users/John/Desktop/180LAB/Lab2/lab2/hdl/bitMulti.v Line: 35
Warning (10236): Verilog HDL Implicit Net warning at bitMulti.v(36): created implicit net for "a1b3" File: C:/Users/John/Desktop/180LAB/Lab2/lab2/hdl/bitMulti.v Line: 36
Warning (10236): Verilog HDL Implicit Net warning at bitMulti.v(38): created implicit net for "Co6" File: C:/Users/John/Desktop/180LAB/Lab2/lab2/hdl/bitMulti.v Line: 38
Warning (10236): Verilog HDL Implicit Net warning at bitMulti.v(38): created implicit net for "s6" File: C:/Users/John/Desktop/180LAB/Lab2/lab2/hdl/bitMulti.v Line: 38
Warning (10236): Verilog HDL Implicit Net warning at bitMulti.v(39): created implicit net for "Co7" File: C:/Users/John/Desktop/180LAB/Lab2/lab2/hdl/bitMulti.v Line: 39
Warning (10236): Verilog HDL Implicit Net warning at bitMulti.v(39): created implicit net for "s7" File: C:/Users/John/Desktop/180LAB/Lab2/lab2/hdl/bitMulti.v Line: 39
Warning (10236): Verilog HDL Implicit Net warning at bitMulti.v(40): created implicit net for "Co8" File: C:/Users/John/Desktop/180LAB/Lab2/lab2/hdl/bitMulti.v Line: 40
Warning (10236): Verilog HDL Implicit Net warning at bitMulti.v(43): created implicit net for "a3b2" File: C:/Users/John/Desktop/180LAB/Lab2/lab2/hdl/bitMulti.v Line: 43
Warning (10236): Verilog HDL Implicit Net warning at bitMulti.v(44): created implicit net for "a2b3" File: C:/Users/John/Desktop/180LAB/Lab2/lab2/hdl/bitMulti.v Line: 44
Warning (10236): Verilog HDL Implicit Net warning at bitMulti.v(46): created implicit net for "Co9" File: C:/Users/John/Desktop/180LAB/Lab2/lab2/hdl/bitMulti.v Line: 46
Warning (10236): Verilog HDL Implicit Net warning at bitMulti.v(46): created implicit net for "s9" File: C:/Users/John/Desktop/180LAB/Lab2/lab2/hdl/bitMulti.v Line: 46
Warning (10236): Verilog HDL Implicit Net warning at bitMulti.v(47): created implicit net for "Co10" File: C:/Users/John/Desktop/180LAB/Lab2/lab2/hdl/bitMulti.v Line: 47
Warning (10236): Verilog HDL Implicit Net warning at bitMulti.v(50): created implicit net for "a3b3" File: C:/Users/John/Desktop/180LAB/Lab2/lab2/hdl/bitMulti.v Line: 50
Warning (12125): Using design file part3.v, which is not specified as a design file for the current project, but contains definitions for 1 design units and 1 entities in project
    Info (12023): Found entity 1: part3 File: C:/Users/John/Desktop/180LAB/Lab2/lab2/synthesis/part3/part3.v Line: 3
Info (12127): Elaborating entity "part3" for the top level hierarchy
Info (12128): Elaborating entity "FullAdder" for hierarchy "FullAdder:FAgen[0].u0" File: C:/Users/John/Desktop/180LAB/Lab2/lab2/synthesis/part3/part3.v Line: 25
Warning (10036): Verilog HDL or VHDL warning at FullAdder.v(3): object "cO" assigned a value but never read File: C:/Users/John/Desktop/180LAB/Lab2/lab2/hdl/FullAdder.v Line: 3
Warning (10034): Output port "c0" at FullAdder.v(1) has no driver File: C:/Users/John/Desktop/180LAB/Lab2/lab2/hdl/FullAdder.v Line: 1
Warning (13024): Output pins are stuck at VCC or GND
    Warning (13410): Pin "overflow" is stuck at GND File: C:/Users/John/Desktop/180LAB/Lab2/lab2/synthesis/part3/part3.v Line: 6
Info (286030): Timing-Driven Synthesis is running
Info (16010): Generating hard_block partition "hard_block:auto_generated_inst"
    Info (16011): Adding 0 node(s), including 0 DDIO, 0 PLL, 0 transceiver and 0 LCELL
Info (21057): Implemented 34 device resources after synthesis - the final resource count might be different
    Info (21058): Implemented 17 input pins
    Info (21059): Implemented 9 output pins
    Info (21061): Implemented 8 logic cells
Info: Quartus Prime Analysis & Synthesis was successful. 0 errors, 39 warnings
    Info: Peak virtual memory: 4757 megabytes
    Info: Processing ended: Wed Jan 22 12:17:20 2025
    Info: Elapsed time: 00:00:10
    Info: Total CPU time (on all processors): 00:00:23


